Log file open, 04/26/22 14:45:26
LogWindows: Failed to load 'aqProf.dll' (GetLastError=126)
LogWindows: File 'aqProf.dll' does not exist
LogWindows: Failed to load 'VtuneApi.dll' (GetLastError=126)
LogWindows: File 'VtuneApi.dll' does not exist
LogWindows: Failed to load 'VtuneApi32e.dll' (GetLastError=126)
LogWindows: File 'VtuneApi32e.dll' does not exist
LogConsoleResponse: Display: Failed to find resolution value strings in scalability ini. Falling back to default.
LogConsoleResponse: Display: Failed to find resolution value strings in scalability ini. Falling back to default.
LogInit: Display: Running engine for game: MobShooterGame
LogPlatformFile: Not using cached read wrapper
LogTaskGraph: Started task graph with 5 named threads and 35 total threads with 3 sets of task threads.
LogStats: Stats thread started at 0.210551
LogICUInternationalization: ICU TimeZone Detection - Raw Offset: +1:00, Platform Override: ''
LogInit: Display: Loading text-based GConfig....
LogPluginManager: Mounting plugin MeshPainting
LogPluginManager: Mounting plugin XGEController
LogPluginManager: Mounting plugin Paper2D
LogPluginManager: Mounting plugin LiveLink
LogPluginManager: Mounting plugin AISupport
LogPluginManager: Mounting plugin EnvironmentQueryEditor
LogPluginManager: Mounting plugin OodleData
LogPluginManager: Mounting plugin OodleNetwork
LogPluginManager: Mounting plugin AssetManagerEditor
LogPluginManager: Mounting plugin CryptoKeys
LogPluginManager: Mounting plugin CameraShakePreviewer
LogPluginManager: Mounting plugin CurveEditorTools
LogPluginManager: Mounting plugin DataValidation
LogPluginManager: Mounting plugin FacialAnimation
LogPluginManager: Mounting plugin GeometryMode
LogPluginManager: Mounting plugin MacGraphicsSwitching
LogPluginManager: Mounting plugin MaterialAnalyzer
LogPluginManager: Mounting plugin MobileLauncherProfileWizard
LogPluginManager: Mounting plugin GameplayTagsEditor
LogPluginManager: Mounting plugin PluginBrowser
LogPluginManager: Mounting plugin SpeedTreeImporter
LogPluginManager: Mounting plugin GameplayCameras
LogPluginManager: Mounting plugin AnimationSharing
LogPluginManager: Mounting plugin CodeLiteSourceCodeAccess
LogPluginManager: Mounting plugin CLionSourceCodeAccess
LogPluginManager: Mounting plugin KDevelopSourceCodeAccess
LogPluginManager: Mounting plugin GitSourceControl
LogPluginManager: Mounting plugin NullSourceCodeAccess
LogPluginManager: Mounting plugin PixWinPlugin
LogPluginManager: Mounting plugin PerforceSourceControl
LogPluginManager: Mounting plugin PlasticSourceControl
LogPluginManager: Mounting plugin PluginUtils
LogPluginManager: Mounting plugin PropertyAccessNode
LogPluginManager: Mounting plugin RiderSourceCodeAccess
LogPluginManager: Mounting plugin SubversionSourceControl
LogPluginManager: Mounting plugin TextureFormatOodle
LogPluginManager: Mounting plugin UObjectPlugin
LogPluginManager: Mounting plugin DatasmithContent
LogPluginManager: Mounting plugin VisualStudioCodeSourceCodeAccess
LogPluginManager: Mounting plugin VariantManagerContent
LogPluginManager: Mounting plugin VisualStudioSourceCodeAccess
LogPluginManager: Mounting plugin XCodeSourceCodeAccess
LogPluginManager: Mounting plugin AlembicImporter
LogPluginManager: Mounting plugin BackChannel
LogPluginManager: Mounting plugin AutomationUtils
LogPluginManager: Mounting plugin ChaosClothEditor
LogPluginManager: Mounting plugin ChaosCloth
LogPluginManager: Mounting plugin ChaosEditor
LogPluginManager: Mounting plugin ChaosSolverPlugin
LogPluginManager: Mounting plugin CharacterAI
LogPluginManager: Mounting plugin LuminPlatformFeatures
LogPluginManager: Mounting plugin MagicLeap
LogPluginManager: Mounting plugin ChaosNiagara
LogPluginManager: Mounting plugin GeometryCache
LogPluginManager: Mounting plugin GeometryCollectionPlugin
LogPluginManager: Mounting plugin MagicLeapLightEstimation
LogPluginManager: Mounting plugin MagicLeapMedia
LogPluginManager: Mounting plugin MagicLeapPassableWorld
LogPluginManager: Mounting plugin MLSDK
LogPluginManager: Mounting plugin Niagara
LogPluginManager: Mounting plugin GeometryProcessing
LogPluginManager: Mounting plugin MotoSynth
LogPluginManager: Mounting plugin OpenImageDenoise
LogPluginManager: Mounting plugin PlatformCrypto
LogPluginManager: Mounting plugin PlanarCut
LogPluginManager: Mounting plugin ProxyLODPlugin
LogPluginManager: Mounting plugin PythonScriptPlugin
LogPluginManager: Mounting plugin SkeletalReduction
LogPluginManager: Mounting plugin ActorSequence
LogPluginManager: Mounting plugin LevelSequenceEditor
LogPluginManager: Mounting plugin MatineeToLevelSequence
LogPluginManager: Mounting plugin TemplateSequence
LogPluginManager: Mounting plugin AndroidMedia
LogPluginManager: Mounting plugin OnlineSubsystem
LogPluginManager: Mounting plugin AvfMedia
LogPluginManager: Mounting plugin TcpMessaging
LogPluginManager: Mounting plugin UdpMessaging
LogPluginManager: Mounting plugin OnlineSubsystemNull
LogPluginManager: Mounting plugin MediaCompositing
LogPluginManager: Mounting plugin OnlineSubsystemUtils
LogPluginManager: Mounting plugin ImgMedia
LogPluginManager: Mounting plugin WebMMedia
LogPluginManager: Mounting plugin WmfMedia
LogPluginManager: Mounting plugin LauncherChunkInstaller
LogPluginManager: Mounting plugin ActorLayerUtilities
LogPluginManager: Mounting plugin AndroidDeviceProfileSelector
LogPluginManager: Mounting plugin AndroidPermission
LogPluginManager: Mounting plugin AndroidMoviePlayer
LogPluginManager: Mounting plugin MediaPlayerEditor
LogPluginManager: Mounting plugin AppleImageUtils
LogPluginManager: Mounting plugin AudioCapture
LogPluginManager: Mounting plugin AssetTags
LogPluginManager: Mounting plugin AppleMoviePlayer
LogPluginManager: Mounting plugin AudioSynesthesia
LogPluginManager: Mounting plugin ArchVisCharacter
LogPluginManager: Mounting plugin CableComponent
LogPluginManager: Mounting plugin CustomMeshComponent
LogPluginManager: Mounting plugin EditableMesh
LogPluginManager: Mounting plugin ChunkDownloader
LogPluginManager: Mounting plugin GoogleCloudMessaging
LogPluginManager: Mounting plugin GooglePAD
LogPluginManager: Mounting plugin ScreenshotTools
LogPluginManager: Mounting plugin IOSDeviceProfileSelector
LogPluginManager: Mounting plugin LinuxDeviceProfileSelector
LogPluginManager: Mounting plugin LocationServicesBPLibrary
LogPluginManager: Mounting plugin ExampleDeviceProfileSelector
LogPluginManager: Mounting plugin MobilePatchingUtils
LogPluginManager: Mounting plugin OpenXR
LogPluginManager: Mounting plugin OpenXREyeTracker
LogPluginManager: Mounting plugin OpenXRHandTracking
LogPluginManager: Mounting plugin PhysXVehicles
LogPluginManager: Mounting plugin PostSplashScreen
LogPluginManager: Mounting plugin Takes
LogPluginManager: Mounting plugin ProceduralMeshComponent
LogPluginManager: Mounting plugin PropertyAccessEditor
LogPluginManager: Mounting plugin RuntimePhysXCooking
LogPluginManager: Mounting plugin SignificanceManager
LogPluginManager: Mounting plugin Synthesis
LogPluginManager: Mounting plugin WebMMoviePlayer
LogPluginManager: Mounting plugin SoundFields
LogPluginManager: Mounting plugin WindowsMoviePlayer
LogPluginManager: Mounting plugin LightPropagationVolume
LogPluginManager: Mounting plugin ContentBrowserFileDataSource
LogPluginManager: Mounting plugin ContentBrowserAssetDataSource
LogPluginManager: Mounting plugin ContentBrowserClassDataSource
LogPluginManager: Mounting plugin OnlineSubsystemGooglePlay
LogPluginManager: Mounting plugin OnlineSubsystemIOS
LogPluginManager: Mounting plugin OculusVR
LogPluginManager: Mounting plugin SteamVR
PixWinPlugin: PIX capture plugin failed to initialize! Check that the process is launched from PIX.
LogInit: Using libcurl 7.55.1-DEV
LogInit:  - built for x86_64-pc-win32
LogInit:  - supports SSL with OpenSSL/1.1.1
LogInit:  - supports HTTP deflate (compression) using libz 1.2.8
LogInit:  - other features:
LogInit:      CURL_VERSION_SSL
LogInit:      CURL_VERSION_LIBZ
LogInit:      CURL_VERSION_IPV6
LogInit:      CURL_VERSION_ASYNCHDNS
LogInit:      CURL_VERSION_LARGEFILE
LogInit:      CURL_VERSION_IDN
LogInit:  CurlRequestOptions (configurable via config and command line):
LogInit:  - bVerifyPeer = true  - Libcurl will verify peer certificate
LogInit:  - bUseHttpProxy = false  - Libcurl will NOT use HTTP proxy
LogInit:  - bDontReuseConnections = false  - Libcurl will reuse connections
LogInit:  - MaxHostConnections = 16  - Libcurl will limit the number of connections to a host
LogInit:  - LocalHostAddr = Default
LogInit:  - BufferSize = 65536
LogOnline: OSS: Creating online subsystem instance for: NULL
LogInit: WinSock: version 1.1 (2.2), MaxSocks=32767, MaxUdp=65467
LogOnline: OSS: TryLoadSubsystemAndSetDefault: Loaded subsystem for module [NULL]
LogOculusPluginWrapper: OculusPlugin initialized successfully
LogHMD: Failed initializing OVRPlugin 1.59.0
LogInit: Build: ++UE4+Release-4.27-CL-18319896
LogInit: Engine Version: 4.27.2-18319896+++UE4+Release-4.27
LogInit: Compatible Engine Version: 4.27.0-17155196+++UE4+Release-4.27
LogInit: Net CL: 17155196
LogInit: OS: Windows 10 (Release 2009) (), CPU: 11th Gen Intel(R) Core(TM) i5-11600K @ 3.90GHz, GPU: NVIDIA GeForce RTX 3060
LogInit: Compiled (64-bit): Nov 30 2021 07:12:08
LogInit: Compiled with Visual C++: 19.24.28315.00
LogInit: Build Configuration: Development
LogInit: Branch Name: ++UE4+Release-4.27
LogInit: Command Line:  -EpicPortal -epicusername=Hamparamp -epicuserid=ac901d4aa9364bd1bcea3ceddbc4c591 -epiclocale=en -epicsandboxid=ue
LogInit: Base Directory: C:/Program Files/Epic Games/UE_4.27/Engine/Binaries/Win64/
LogInit: Allocator: TBB
LogInit: Installed Engine Build: 1
LogDevObjectVersion: Number of dev versions registered: 29
LogDevObjectVersion:   Dev-Blueprints (B0D832E4-1F89-4F0D-ACCF-7EB736FD4AA2): 10
LogDevObjectVersion:   Dev-Build (E1C64328-A22C-4D53-A36C-8E866417BD8C): 0
LogDevObjectVersion:   Dev-Core (375EC13C-06E4-48FB-B500-84F0262A717E): 4
LogDevObjectVersion:   Dev-Editor (E4B068ED-F494-42E9-A231-DA0B2E46BB41): 40
LogDevObjectVersion:   Dev-Framework (CFFC743F-43B0-4480-9391-14DF171D2073): 37
LogDevObjectVersion:   Dev-Mobile (B02B49B5-BB20-44E9-A304-32B752E40360): 3
LogDevObjectVersion:   Dev-Networking (A4E4105C-59A1-49B5-A7C5-40C4547EDFEE): 0
LogDevObjectVersion:   Dev-Online (39C831C9-5AE6-47DC-9A44-9C173E1C8E7C): 0
LogDevObjectVersion:   Dev-Physics (78F01B33-EBEA-4F98-B9B4-84EACCB95AA2): 14
LogDevObjectVersion:   Dev-Platform (6631380F-2D4D-43E0-8009-CF276956A95A): 0
LogDevObjectVersion:   Dev-Rendering (12F88B9F-8875-4AFC-A67C-D90C383ABD29): 45
LogDevObjectVersion:   Dev-Sequencer (7B5AE74C-D270-4C10-A958-57980B212A5A): 13
LogDevObjectVersion:   Dev-VR (D7296918-1DD6-4BDD-9DE2-64A83CC13884): 3
LogDevObjectVersion:   Dev-LoadTimes (C2A15278-BFE7-4AFE-6C17-90FF531DF755): 1
LogDevObjectVersion:   Private-Geometry (6EACA3D4-40EC-4CC1-B786-8BED09428FC5): 3
LogDevObjectVersion:   Dev-AnimPhys (29E575DD-E0A3-4627-9D10-D276232CDCEA): 17
LogDevObjectVersion:   Dev-Anim (AF43A65D-7FD3-4947-9873-3E8ED9C1BB05): 15
LogDevObjectVersion:   Dev-ReflectionCapture (6B266CEC-1EC7-4B8F-A30B-E4D90942FC07): 1
LogDevObjectVersion:   Dev-Automation (0DF73D61-A23F-47EA-B727-89E90C41499A): 1
LogDevObjectVersion:   FortniteMain (601D1886-AC64-4F84-AA16-D3DE0DEAC7D6): 47
LogDevObjectVersion:   FortniteRelease (E7086368-6B23-4C58-8439-1B7016265E91): 1
LogDevObjectVersion:   Dev-Enterprise (9DFFBCD6-494F-0158-E221-12823C92A888): 10
LogDevObjectVersion:   Dev-Niagara (F2AED0AC-9AFE-416F-8664-AA7FFA26D6FC): 1
LogDevObjectVersion:   Dev-Destruction (174F1F0B-B4C6-45A5-B13F-2EE8D0FB917D): 10
LogDevObjectVersion:   Dev-Physics-Ext (35F94A83-E258-406C-A318-09F59610247C): 41
LogDevObjectVersion:   Dev-PhysicsMaterial-Chaos (B68FC16E-8B1B-42E2-B453-215C058844FE): 1
LogDevObjectVersion:   Dev-CineCamera (B2E18506-4273-CFC2-A54E-F4BB758BBA07): 1
LogDevObjectVersion:   Dev-VirtualProduction (64F58936-FD1B-42BA-BA96-7289D5D0FA4E): 1
LogDevObjectVersion:   Dev-MediaFramework (6F0ED827-A609-4895-9C91-998D90180EA4): 2
LogInit: Presizing for max 25165824 objects, including 0 objects not considered by GC, pre-allocating 0 bytes for permanent pool.
LogConfig: Applying CVar settings from Section [/Script/Engine.StreamingSettings] File [C:/Users/hampus.norman/Documents/GitHub/MobShooterGame/Saved/Config/Windows/Engine.ini]
LogConfig: Setting CVar [[s.MinBulkDataSizeForAsyncLoading:131072]]
LogConfig: Setting CVar [[s.AsyncLoadingThreadEnabled:0]]
LogConfig: Setting CVar [[s.EventDrivenLoaderEnabled:1]]
LogConfig: Setting CVar [[s.WarnIfTimeLimitExceeded:0]]
LogConfig: Setting CVar [[s.TimeLimitExceededMultiplier:1.5]]
LogConfig: Setting CVar [[s.TimeLimitExceededMinTime:0.005]]
LogConfig: Setting CVar [[s.UseBackgroundLevelStreaming:1]]
LogConfig: Setting CVar [[s.PriorityAsyncLoadingExtraTime:15.0]]
LogConfig: Setting CVar [[s.LevelStreamingActorsUpdateTimeLimit:5.0]]
LogConfig: Setting CVar [[s.PriorityLevelStreamingActorsUpdateExtraTime:5.0]]
LogConfig: Setting CVar [[s.LevelStreamingComponentsRegistrationGranularity:10]]
LogConfig: Setting CVar [[s.UnregisterComponentsTimeLimit:1.0]]
LogConfig: Setting CVar [[s.LevelStreamingComponentsUnregistrationGranularity:5]]
LogConfig: Setting CVar [[s.FlushStreamingOnExit:1]]
LogInit: Object subsystem initialized
LogConfig: Setting CVar [[con.DebugEarlyDefault:1]]
LogConfig: Setting CVar [[r.setres:1280x720]]
[2022.04.26-12.45.26:663][  0]LogConfig: Setting CVar [[r.VSync:0]]
[2022.04.26-12.45.26:663][  0]LogConfig: Setting CVar [[r.RHICmdBypass:0]]
[2022.04.26-12.45.26:663][  0]LogConfig: Applying CVar settings from Section [/Script/Engine.RendererSettings] File [C:/Users/hampus.norman/Documents/GitHub/MobShooterGame/Saved/Config/Windows/Engine.ini]
[2022.04.26-12.45.26:664][  0]LogConfig: Setting CVar [[r.GPUCrashDebugging:0]]
[2022.04.26-12.45.26:664][  0]LogConfig: Applying CVar settings from Section [/Script/Engine.RendererOverrideSettings] File [C:/Users/hampus.norman/Documents/GitHub/MobShooterGame/Saved/Config/Windows/Engine.ini]
[2022.04.26-12.45.26:664][  0]LogConfig: Applying CVar settings from Section [/Script/Engine.StreamingSettings] File [C:/Users/hampus.norman/Documents/GitHub/MobShooterGame/Saved/Config/Windows/Engine.ini]
[2022.04.26-12.45.26:664][  0]LogConfig: Setting CVar [[s.MinBulkDataSizeForAsyncLoading:131072]]
[2022.04.26-12.45.26:664][  0]LogConfig: Setting CVar [[s.AsyncLoadingThreadEnabled:0]]
[2022.04.26-12.45.26:664][  0]LogConfig: Setting CVar [[s.EventDrivenLoaderEnabled:1]]
[2022.04.26-12.45.26:664][  0]LogConfig: Setting CVar [[s.WarnIfTimeLimitExceeded:0]]
[2022.04.26-12.45.26:664][  0]LogConfig: Setting CVar [[s.TimeLimitExceededMultiplier:1.5]]
[2022.04.26-12.45.26:664][  0]LogConfig: Setting CVar [[s.TimeLimitExceededMinTime:0.005]]
[2022.04.26-12.45.26:664][  0]LogConfig: Setting CVar [[s.UseBackgroundLevelStreaming:1]]
[2022.04.26-12.45.26:664][  0]LogConfig: Setting CVar [[s.PriorityAsyncLoadingExtraTime:15.0]]
[2022.04.26-12.45.26:664][  0]LogConfig: Setting CVar [[s.LevelStreamingActorsUpdateTimeLimit:5.0]]
[2022.04.26-12.45.26:664][  0]LogConfig: Setting CVar [[s.PriorityLevelStreamingActorsUpdateExtraTime:5.0]]
[2022.04.26-12.45.26:664][  0]LogConfig: Setting CVar [[s.LevelStreamingComponentsRegistrationGranularity:10]]
[2022.04.26-12.45.26:664][  0]LogConfig: Setting CVar [[s.UnregisterComponentsTimeLimit:1.0]]
[2022.04.26-12.45.26:664][  0]LogConfig: Setting CVar [[s.LevelStreamingComponentsUnregistrationGranularity:5]]
[2022.04.26-12.45.26:664][  0]LogConfig: Setting CVar [[s.FlushStreamingOnExit:1]]
[2022.04.26-12.45.26:664][  0]LogConfig: Applying CVar settings from Section [/Script/Engine.GarbageCollectionSettings] File [C:/Users/hampus.norman/Documents/GitHub/MobShooterGame/Saved/Config/Windows/Engine.ini]
[2022.04.26-12.45.26:664][  0]LogConfig: Setting CVar [[gc.MaxObjectsNotConsideredByGC:1]]
[2022.04.26-12.45.26:664][  0]LogConfig: Setting CVar [[gc.SizeOfPermanentObjectPool:0]]
[2022.04.26-12.45.26:664][  0]LogConfig: Setting CVar [[gc.FlushStreamingOnGC:0]]
[2022.04.26-12.45.26:664][  0]LogConfig: Setting CVar [[gc.NumRetriesBeforeForcingGC:10]]
[2022.04.26-12.45.26:664][  0]LogConfig: Setting CVar [[gc.AllowParallelGC:1]]
[2022.04.26-12.45.26:664][  0]LogConfig: Setting CVar [[gc.TimeBetweenPurgingPendingKillObjects:61.1]]
[2022.04.26-12.45.26:664][  0]LogConfig: Setting CVar [[gc.MaxObjectsInEditor:25165824]]
[2022.04.26-12.45.26:664][  0]LogConfig: Setting CVar [[gc.IncrementalBeginDestroyEnabled:1]]
[2022.04.26-12.45.26:664][  0]LogConfig: Setting CVar [[gc.CreateGCClusters:1]]
[2022.04.26-12.45.26:664][  0]LogConfig: Setting CVar [[gc.MinGCClusterSize:5]]
[2022.04.26-12.45.26:664][  0]LogConfig: Setting CVar [[gc.ActorClusteringEnabled:0]]
[2022.04.26-12.45.26:664][  0]LogConfig: Setting CVar [[gc.BlueprintClusteringEnabled:0]]
[2022.04.26-12.45.26:664][  0]LogConfig: Setting CVar [[gc.UseDisregardForGCOnDedicatedServers:0]]
[2022.04.26-12.45.26:664][  0]LogConfig: Setting CVar [[gc.MultithreadedDestructionEnabled:1]]
[2022.04.26-12.45.26:664][  0]LogConfig: Applying CVar settings from Section [/Script/Engine.NetworkSettings] File [C:/Users/hampus.norman/Documents/GitHub/MobShooterGame/Saved/Config/Windows/Engine.ini]
[2022.04.26-12.45.26:664][  0]LogConfig: Applying CVar settings from Section [/Script/UnrealEd.CookerSettings] File [C:/Users/hampus.norman/Documents/GitHub/MobShooterGame/Saved/Config/Windows/Engine.ini]
[2022.04.26-12.45.26:677][  0]LogConfig: Applying CVar settings from Section [ViewDistanceQuality@3] File [C:/Users/hampus.norman/Documents/GitHub/MobShooterGame/Saved/Config/Windows/Scalability.ini]
[2022.04.26-12.45.26:677][  0]LogConfig: Setting CVar [[r.SkeletalMeshLODBias:0]]
[2022.04.26-12.45.26:677][  0]LogConfig: Setting CVar [[r.ViewDistanceScale:1.0]]
[2022.04.26-12.45.26:677][  0]LogConfig: Applying CVar settings from Section [AntiAliasingQuality@3] File [C:/Users/hampus.norman/Documents/GitHub/MobShooterGame/Saved/Config/Windows/Scalability.ini]
[2022.04.26-12.45.26:677][  0]LogConfig: Setting CVar [[r.PostProcessAAQuality:4]]
[2022.04.26-12.45.26:677][  0]LogConfig: Applying CVar settings from Section [ShadowQuality@3] File [C:/Users/hampus.norman/Documents/GitHub/MobShooterGame/Saved/Config/Windows/Scalability.ini]
[2022.04.26-12.45.26:677][  0]LogConfig: Setting CVar [[r.LightFunctionQuality:1]]
[2022.04.26-12.45.26:677][  0]LogConfig: Setting CVar [[r.ShadowQuality:5]]
[2022.04.26-12.45.26:677][  0]LogConfig: Setting CVar [[r.Shadow.CSM.MaxCascades:10]]
[2022.04.26-12.45.26:677][  0]LogConfig: Setting CVar [[r.Shadow.MaxResolution:2048]]
[2022.04.26-12.45.26:677][  0]LogConfig: Setting CVar [[r.Shadow.MaxCSMResolution:2048]]
[2022.04.26-12.45.26:677][  0]LogConfig: Setting CVar [[r.Shadow.RadiusThreshold:0.01]]
[2022.04.26-12.45.26:677][  0]LogConfig: Setting CVar [[r.Shadow.DistanceScale:1.0]]
[2022.04.26-12.45.26:677][  0]LogConfig: Setting CVar [[r.Shadow.CSM.TransitionScale:1.0]]
[2022.04.26-12.45.26:677][  0]LogConfig: Setting CVar [[r.Shadow.PreShadowResolutionFactor:1.0]]
[2022.04.26-12.45.26:677][  0]LogConfig: Setting CVar [[r.DistanceFieldShadowing:1]]
[2022.04.26-12.45.26:677][  0]LogConfig: Setting CVar [[r.DistanceFieldAO:1]]
[2022.04.26-12.45.26:677][  0]LogConfig: Setting CVar [[r.AOQuality:2]]
[2022.04.26-12.45.26:677][  0]LogConfig: Setting CVar [[r.VolumetricFog:1]]
[2022.04.26-12.45.26:677][  0]LogConfig: Setting CVar [[r.VolumetricFog.GridPixelSize:8]]
[2022.04.26-12.45.26:677][  0]LogConfig: Setting CVar [[r.VolumetricFog.GridSizeZ:128]]
[2022.04.26-12.45.26:677][  0]LogConfig: Setting CVar [[r.VolumetricFog.HistoryMissSupersampleCount:4]]
[2022.04.26-12.45.26:677][  0]LogConfig: Setting CVar [[r.LightMaxDrawDistanceScale:1]]
[2022.04.26-12.45.26:677][  0]LogConfig: Setting CVar [[r.CapsuleShadows:1]]
[2022.04.26-12.45.26:677][  0]LogConfig: Applying CVar settings from Section [PostProcessQuality@3] File [C:/Users/hampus.norman/Documents/GitHub/MobShooterGame/Saved/Config/Windows/Scalability.ini]
[2022.04.26-12.45.26:677][  0]LogConfig: Setting CVar [[r.MotionBlurQuality:4]]
[2022.04.26-12.45.26:677][  0]LogConfig: Setting CVar [[r.AmbientOcclusionMipLevelFactor:0.4]]
[2022.04.26-12.45.26:677][  0]LogConfig: Setting CVar [[r.AmbientOcclusionMaxQuality:100]]
[2022.04.26-12.45.26:677][  0]LogConfig: Setting CVar [[r.AmbientOcclusionLevels:-1]]
[2022.04.26-12.45.26:677][  0]LogConfig: Setting CVar [[r.AmbientOcclusionRadiusScale:1.0]]
[2022.04.26-12.45.26:677][  0]LogConfig: Setting CVar [[r.DepthOfFieldQuality:2]]
[2022.04.26-12.45.26:677][  0]LogConfig: Setting CVar [[r.RenderTargetPoolMin:400]]
[2022.04.26-12.45.26:677][  0]LogConfig: Setting CVar [[r.LensFlareQuality:2]]
[2022.04.26-12.45.26:677][  0]LogConfig: Setting CVar [[r.SceneColorFringeQuality:1]]
[2022.04.26-12.45.26:677][  0]LogConfig: Setting CVar [[r.EyeAdaptationQuality:2]]
[2022.04.26-12.45.26:677][  0]LogConfig: Setting CVar [[r.BloomQuality:5]]
[2022.04.26-12.45.26:677][  0]LogConfig: Setting CVar [[r.FastBlurThreshold:100]]
[2022.04.26-12.45.26:677][  0]LogConfig: Setting CVar [[r.Upscale.Quality:3]]
[2022.04.26-12.45.26:677][  0]LogConfig: Setting CVar [[r.Tonemapper.GrainQuantization:1]]
[2022.04.26-12.45.26:677][  0]LogConfig: Setting CVar [[r.LightShaftQuality:1]]
[2022.04.26-12.45.26:677][  0]LogConfig: Setting CVar [[r.Filter.SizeScale:1]]
[2022.04.26-12.45.26:677][  0]LogConfig: Setting CVar [[r.Tonemapper.Quality:5]]
[2022.04.26-12.45.26:677][  0]LogConfig: Setting CVar [[r.DOF.Gather.AccumulatorQuality:1        ; higher gathering accumulator quality]]
[2022.04.26-12.45.26:677][  0]LogConfig: Setting CVar [[r.DOF.Gather.PostfilterMethod:1          ; Median3x3 postfilering method]]
[2022.04.26-12.45.26:677][  0]LogConfig: Setting CVar [[r.DOF.Gather.EnableBokehSettings:0       ; no bokeh simulation when gathering]]
[2022.04.26-12.45.26:677][  0]LogConfig: Setting CVar [[r.DOF.Gather.RingCount:4                 ; medium number of samples when gathering]]
[2022.04.26-12.45.26:677][  0]LogConfig: Setting CVar [[r.DOF.Scatter.ForegroundCompositing:1    ; additive foreground scattering]]
[2022.04.26-12.45.26:677][  0]LogConfig: Setting CVar [[r.DOF.Scatter.BackgroundCompositing:2    ; additive background scattering]]
[2022.04.26-12.45.26:677][  0]LogConfig: Setting CVar [[r.DOF.Scatter.EnableBokehSettings:1      ; bokeh simulation when scattering]]
[2022.04.26-12.45.26:677][  0]LogConfig: Setting CVar [[r.DOF.Scatter.MaxSpriteRatio:0.1         ; only a maximum of 10% of scattered bokeh]]
[2022.04.26-12.45.26:677][  0]LogConfig: Setting CVar [[r.DOF.Recombine.Quality:1                ; cheap slight out of focus]]
[2022.04.26-12.45.26:677][  0]LogConfig: Setting CVar [[r.DOF.Recombine.EnableBokehSettings:0    ; no bokeh simulation on slight out of focus]]
[2022.04.26-12.45.26:677][  0]LogConfig: Setting CVar [[r.DOF.TemporalAAQuality:1                ; more stable temporal accumulation]]
[2022.04.26-12.45.26:677][  0]LogConfig: Setting CVar [[r.DOF.Kernel.MaxForegroundRadius:0.025]]
[2022.04.26-12.45.26:677][  0]LogConfig: Setting CVar [[r.DOF.Kernel.MaxBackgroundRadius:0.025]]
[2022.04.26-12.45.26:678][  0]LogConfig: Applying CVar settings from Section [TextureQuality@3] File [C:/Users/hampus.norman/Documents/GitHub/MobShooterGame/Saved/Config/Windows/Scalability.ini]
[2022.04.26-12.45.26:678][  0]LogConfig: Setting CVar [[r.Streaming.MipBias:0]]
[2022.04.26-12.45.26:678][  0]LogConfig: Setting CVar [[r.Streaming.AmortizeCPUToGPUCopy:0]]
[2022.04.26-12.45.26:678][  0]LogConfig: Setting CVar [[r.Streaming.MaxNumTexturesToStreamPerFrame:0]]
[2022.04.26-12.45.26:678][  0]LogConfig: Setting CVar [[r.Streaming.Boost:1]]
[2022.04.26-12.45.26:678][  0]LogConfig: Setting CVar [[r.MaxAnisotropy:8]]
[2022.04.26-12.45.26:678][  0]LogConfig: Setting CVar [[r.VT.MaxAnisotropy:8]]
[2022.04.26-12.45.26:678][  0]LogConfig: Setting CVar [[r.Streaming.LimitPoolSizeToVRAM:0]]
[2022.04.26-12.45.26:678][  0]LogConfig: Setting CVar [[r.Streaming.PoolSize:1000]]
[2022.04.26-12.45.26:678][  0]LogConfig: Setting CVar [[r.Streaming.MaxEffectiveScreenSize:0]]
[2022.04.26-12.45.26:678][  0]LogConfig: Applying CVar settings from Section [EffectsQuality@3] File [C:/Users/hampus.norman/Documents/GitHub/MobShooterGame/Saved/Config/Windows/Scalability.ini]
[2022.04.26-12.45.26:678][  0]LogConfig: Setting CVar [[r.TranslucencyLightingVolumeDim:64]]
[2022.04.26-12.45.26:678][  0]LogConfig: Setting CVar [[r.RefractionQuality:2]]
[2022.04.26-12.45.26:678][  0]LogConfig: Setting CVar [[r.SSR.Quality:3]]
[2022.04.26-12.45.26:678][  0]LogConfig: Setting CVar [[r.SSR.HalfResSceneColor:0]]
[2022.04.26-12.45.26:678][  0]LogConfig: Setting CVar [[r.SceneColorFormat:4]]
[2022.04.26-12.45.26:678][  0]LogConfig: Setting CVar [[r.DetailMode:2]]
[2022.04.26-12.45.26:678][  0]LogConfig: Setting CVar [[r.TranslucencyVolumeBlur:1]]
[2022.04.26-12.45.26:678][  0]LogConfig: Setting CVar [[r.MaterialQualityLevel:1 ; High quality]]
[2022.04.26-12.45.26:678][  0]LogConfig: Setting CVar [[r.AnisotropicMaterials:1]]
[2022.04.26-12.45.26:678][  0]LogConfig: Setting CVar [[r.SSS.Scale:1]]
[2022.04.26-12.45.26:678][  0]LogConfig: Setting CVar [[r.SSS.SampleSet:2]]
[2022.04.26-12.45.26:678][  0]LogConfig: Setting CVar [[r.SSS.Quality:1]]
[2022.04.26-12.45.26:678][  0]LogConfig: Setting CVar [[r.SSS.HalfRes:0]]
[2022.04.26-12.45.26:678][  0]LogConfig: Setting CVar [[r.SSGI.Quality:3]]
[2022.04.26-12.45.26:678][  0]LogConfig: Setting CVar [[r.EmitterSpawnRateScale:1.0]]
[2022.04.26-12.45.26:678][  0]LogConfig: Setting CVar [[r.ParticleLightQuality:2]]
[2022.04.26-12.45.26:678][  0]LogConfig: Setting CVar [[r.SkyAtmosphere.AerialPerspectiveLUT.FastApplyOnOpaque:1 ; Always have FastSkyLUT 1 in this case to avoid wrong sky]]
[2022.04.26-12.45.26:678][  0]LogConfig: Setting CVar [[r.SkyAtmosphere.AerialPerspectiveLUT.SampleCountMaxPerSlice:4]]
[2022.04.26-12.45.26:678][  0]LogConfig: Setting CVar [[r.SkyAtmosphere.AerialPerspectiveLUT.DepthResolution:16.0]]
[2022.04.26-12.45.26:678][  0]LogConfig: Setting CVar [[r.SkyAtmosphere.FastSkyLUT:1]]
[2022.04.26-12.45.26:678][  0]LogConfig: Setting CVar [[r.SkyAtmosphere.FastSkyLUT.SampleCountMin:4.0]]
[2022.04.26-12.45.26:678][  0]LogConfig: Setting CVar [[r.SkyAtmosphere.FastSkyLUT.SampleCountMax:128.0]]
[2022.04.26-12.45.26:678][  0]LogConfig: Setting CVar [[r.SkyAtmosphere.SampleCountMin:4.0]]
[2022.04.26-12.45.26:678][  0]LogConfig: Setting CVar [[r.SkyAtmosphere.SampleCountMax:128.0]]
[2022.04.26-12.45.26:678][  0]LogConfig: Setting CVar [[r.SkyAtmosphere.TransmittanceLUT.UseSmallFormat:0]]
[2022.04.26-12.45.26:678][  0]LogConfig: Setting CVar [[r.SkyAtmosphere.TransmittanceLUT.SampleCount:10.0]]
[2022.04.26-12.45.26:678][  0]LogConfig: Setting CVar [[r.SkyAtmosphere.MultiScatteringLUT.SampleCount:15.0]]
[2022.04.26-12.45.26:678][  0]LogConfig: Setting CVar [[r.SkyLight.RealTimeReflectionCapture:1]]
[2022.04.26-12.45.26:678][  0]LogConfig: Applying CVar settings from Section [FoliageQuality@3] File [C:/Users/hampus.norman/Documents/GitHub/MobShooterGame/Saved/Config/Windows/Scalability.ini]
[2022.04.26-12.45.26:678][  0]LogConfig: Setting CVar [[foliage.DensityScale:1.0]]
[2022.04.26-12.45.26:678][  0]LogConfig: Setting CVar [[grass.DensityScale:1.0]]
[2022.04.26-12.45.26:678][  0]LogConfig: Applying CVar settings from Section [ShadingQuality@3] File [C:/Users/hampus.norman/Documents/GitHub/MobShooterGame/Saved/Config/Windows/Scalability.ini]
[2022.04.26-12.45.26:678][  0]LogConfig: Setting CVar [[r.HairStrands.SkyLighting.IntegrationType:2]]
[2022.04.26-12.45.26:678][  0]LogConfig: Setting CVar [[r.HairStrands.SkyAO.SampleCount:4]]
[2022.04.26-12.45.26:678][  0]LogConfig: Setting CVar [[r.HairStrands.Visibility.MSAA.SamplePerPixel:4]]
[2022.04.26-12.45.26:678][  0]LogInit: Selected Device Profile: [Windows]
[2022.04.26-12.45.26:678][  0]LogInit: Applying CVar settings loaded from the selected device profile: [Windows]
[2022.04.26-12.45.26:678][  0]LogHAL: Display: Platform has ~ 16 GB [17009123328 / 17179869184 / 16], which maps to Larger [LargestMinGB=32, LargerMinGB=12, DefaultMinGB=8, SmallerMinGB=6, SmallestMinGB=0)
[2022.04.26-12.45.26:678][  0]LogInit: Going up to parent DeviceProfile []
[2022.04.26-12.45.26:678][  0]LogConfig: Applying CVar settings from Section [ViewDistanceQuality@3] File [C:/Users/hampus.norman/Documents/GitHub/MobShooterGame/Saved/Config/Windows/Scalability.ini]
[2022.04.26-12.45.26:678][  0]LogConfig: Setting CVar [[r.SkeletalMeshLODBias:0]]
[2022.04.26-12.45.26:678][  0]LogConfig: Setting CVar [[r.ViewDistanceScale:1.0]]
[2022.04.26-12.45.26:678][  0]LogConfig: Applying CVar settings from Section [AntiAliasingQuality@3] File [C:/Users/hampus.norman/Documents/GitHub/MobShooterGame/Saved/Config/Windows/Scalability.ini]
[2022.04.26-12.45.26:678][  0]LogConfig: Setting CVar [[r.PostProcessAAQuality:4]]
[2022.04.26-12.45.26:678][  0]LogConfig: Applying CVar settings from Section [ShadowQuality@3] File [C:/Users/hampus.norman/Documents/GitHub/MobShooterGame/Saved/Config/Windows/Scalability.ini]
[2022.04.26-12.45.26:678][  0]LogConfig: Setting CVar [[r.LightFunctionQuality:1]]
[2022.04.26-12.45.26:678][  0]LogConfig: Setting CVar [[r.ShadowQuality:5]]
[2022.04.26-12.45.26:678][  0]LogConfig: Setting CVar [[r.Shadow.CSM.MaxCascades:10]]
[2022.04.26-12.45.26:678][  0]LogConfig: Setting CVar [[r.Shadow.MaxResolution:2048]]
[2022.04.26-12.45.26:678][  0]LogConfig: Setting CVar [[r.Shadow.MaxCSMResolution:2048]]
[2022.04.26-12.45.26:678][  0]LogConfig: Setting CVar [[r.Shadow.RadiusThreshold:0.01]]
[2022.04.26-12.45.26:678][  0]LogConfig: Setting CVar [[r.Shadow.DistanceScale:1.0]]
[2022.04.26-12.45.26:678][  0]LogConfig: Setting CVar [[r.Shadow.CSM.TransitionScale:1.0]]
[2022.04.26-12.45.26:678][  0]LogConfig: Setting CVar [[r.Shadow.PreShadowResolutionFactor:1.0]]
[2022.04.26-12.45.26:678][  0]LogConfig: Setting CVar [[r.DistanceFieldShadowing:1]]
[2022.04.26-12.45.26:678][  0]LogConfig: Setting CVar [[r.DistanceFieldAO:1]]
[2022.04.26-12.45.26:678][  0]LogConfig: Setting CVar [[r.AOQuality:2]]
[2022.04.26-12.45.26:678][  0]LogConfig: Setting CVar [[r.VolumetricFog:1]]
[2022.04.26-12.45.26:678][  0]LogConfig: Setting CVar [[r.VolumetricFog.GridPixelSize:8]]
[2022.04.26-12.45.26:678][  0]LogConfig: Setting CVar [[r.VolumetricFog.GridSizeZ:128]]
[2022.04.26-12.45.26:678][  0]LogConfig: Setting CVar [[r.VolumetricFog.HistoryMissSupersampleCount:4]]
[2022.04.26-12.45.26:678][  0]LogConfig: Setting CVar [[r.LightMaxDrawDistanceScale:1]]
[2022.04.26-12.45.26:678][  0]LogConfig: Setting CVar [[r.CapsuleShadows:1]]
[2022.04.26-12.45.26:678][  0]LogConfig: Applying CVar settings from Section [PostProcessQuality@3] File [C:/Users/hampus.norman/Documents/GitHub/MobShooterGame/Saved/Config/Windows/Scalability.ini]
[2022.04.26-12.45.26:678][  0]LogConfig: Setting CVar [[r.MotionBlurQuality:4]]
[2022.04.26-12.45.26:678][  0]LogConfig: Setting CVar [[r.AmbientOcclusionMipLevelFactor:0.4]]
[2022.04.26-12.45.26:678][  0]LogConfig: Setting CVar [[r.AmbientOcclusionMaxQuality:100]]
[2022.04.26-12.45.26:678][  0]LogConfig: Setting CVar [[r.AmbientOcclusionLevels:-1]]
[2022.04.26-12.45.26:678][  0]LogConfig: Setting CVar [[r.AmbientOcclusionRadiusScale:1.0]]
[2022.04.26-12.45.26:678][  0]LogConfig: Setting CVar [[r.DepthOfFieldQuality:2]]
[2022.04.26-12.45.26:678][  0]LogConfig: Setting CVar [[r.RenderTargetPoolMin:400]]
[2022.04.26-12.45.26:678][  0]LogConfig: Setting CVar [[r.LensFlareQuality:2]]
[2022.04.26-12.45.26:678][  0]LogConfig: Setting CVar [[r.SceneColorFringeQuality:1]]
[2022.04.26-12.45.26:678][  0]LogConfig: Setting CVar [[r.EyeAdaptationQuality:2]]
[2022.04.26-12.45.26:678][  0]LogConfig: Setting CVar [[r.BloomQuality:5]]
[2022.04.26-12.45.26:678][  0]LogConfig: Setting CVar [[r.FastBlurThreshold:100]]
[2022.04.26-12.45.26:678][  0]LogConfig: Setting CVar [[r.Upscale.Quality:3]]
[2022.04.26-12.45.26:678][  0]LogConfig: Setting CVar [[r.Tonemapper.GrainQuantization:1]]
[2022.04.26-12.45.26:678][  0]LogConfig: Setting CVar [[r.LightShaftQuality:1]]
[2022.04.26-12.45.26:678][  0]LogConfig: Setting CVar [[r.Filter.SizeScale:1]]
[2022.04.26-12.45.26:678][  0]LogConfig: Setting CVar [[r.Tonemapper.Quality:5]]
[2022.04.26-12.45.26:678][  0]LogConfig: Setting CVar [[r.DOF.Gather.AccumulatorQuality:1        ; higher gathering accumulator quality]]
[2022.04.26-12.45.26:678][  0]LogConfig: Setting CVar [[r.DOF.Gather.PostfilterMethod:1          ; Median3x3 postfilering method]]
[2022.04.26-12.45.26:678][  0]LogConfig: Setting CVar [[r.DOF.Gather.EnableBokehSettings:0       ; no bokeh simulation when gathering]]
[2022.04.26-12.45.26:678][  0]LogConfig: Setting CVar [[r.DOF.Gather.RingCount:4                 ; medium number of samples when gathering]]
[2022.04.26-12.45.26:678][  0]LogConfig: Setting CVar [[r.DOF.Scatter.ForegroundCompositing:1    ; additive foreground scattering]]
[2022.04.26-12.45.26:678][  0]LogConfig: Setting CVar [[r.DOF.Scatter.BackgroundCompositing:2    ; additive background scattering]]
[2022.04.26-12.45.26:678][  0]LogConfig: Setting CVar [[r.DOF.Scatter.EnableBokehSettings:1      ; bokeh simulation when scattering]]
[2022.04.26-12.45.26:678][  0]LogConfig: Setting CVar [[r.DOF.Scatter.MaxSpriteRatio:0.1         ; only a maximum of 10% of scattered bokeh]]
[2022.04.26-12.45.26:678][  0]LogConfig: Setting CVar [[r.DOF.Recombine.Quality:1                ; cheap slight out of focus]]
[2022.04.26-12.45.26:678][  0]LogConfig: Setting CVar [[r.DOF.Recombine.EnableBokehSettings:0    ; no bokeh simulation on slight out of focus]]
[2022.04.26-12.45.26:678][  0]LogConfig: Setting CVar [[r.DOF.TemporalAAQuality:1                ; more stable temporal accumulation]]
[2022.04.26-12.45.26:678][  0]LogConfig: Setting CVar [[r.DOF.Kernel.MaxForegroundRadius:0.025]]
[2022.04.26-12.45.26:678][  0]LogConfig: Setting CVar [[r.DOF.Kernel.MaxBackgroundRadius:0.025]]
[2022.04.26-12.45.26:678][  0]LogConfig: Applying CVar settings from Section [TextureQuality@3] File [C:/Users/hampus.norman/Documents/GitHub/MobShooterGame/Saved/Config/Windows/Scalability.ini]
[2022.04.26-12.45.26:678][  0]LogConfig: Setting CVar [[r.Streaming.MipBias:0]]
[2022.04.26-12.45.26:678][  0]LogConfig: Setting CVar [[r.Streaming.AmortizeCPUToGPUCopy:0]]
[2022.04.26-12.45.26:678][  0]LogConfig: Setting CVar [[r.Streaming.MaxNumTexturesToStreamPerFrame:0]]
[2022.04.26-12.45.26:678][  0]LogConfig: Setting CVar [[r.Streaming.Boost:1]]
[2022.04.26-12.45.26:678][  0]LogConfig: Setting CVar [[r.MaxAnisotropy:8]]
[2022.04.26-12.45.26:678][  0]LogConfig: Setting CVar [[r.VT.MaxAnisotropy:8]]
[2022.04.26-12.45.26:678][  0]LogConfig: Setting CVar [[r.Streaming.LimitPoolSizeToVRAM:0]]
[2022.04.26-12.45.26:678][  0]LogConfig: Setting CVar [[r.Streaming.PoolSize:1000]]
[2022.04.26-12.45.26:678][  0]LogConfig: Setting CVar [[r.Streaming.MaxEffectiveScreenSize:0]]
[2022.04.26-12.45.26:678][  0]LogConfig: Applying CVar settings from Section [EffectsQuality@3] File [C:/Users/hampus.norman/Documents/GitHub/MobShooterGame/Saved/Config/Windows/Scalability.ini]
[2022.04.26-12.45.26:678][  0]LogConfig: Setting CVar [[r.TranslucencyLightingVolumeDim:64]]
[2022.04.26-12.45.26:678][  0]LogConfig: Setting CVar [[r.RefractionQuality:2]]
[2022.04.26-12.45.26:678][  0]LogConfig: Setting CVar [[r.SSR.Quality:3]]
[2022.04.26-12.45.26:678][  0]LogConfig: Setting CVar [[r.SSR.HalfResSceneColor:0]]
[2022.04.26-12.45.26:678][  0]LogConfig: Setting CVar [[r.SceneColorFormat:4]]
[2022.04.26-12.45.26:678][  0]LogConfig: Setting CVar [[r.DetailMode:2]]
[2022.04.26-12.45.26:678][  0]LogConfig: Setting CVar [[r.TranslucencyVolumeBlur:1]]
[2022.04.26-12.45.26:678][  0]LogConfig: Setting CVar [[r.MaterialQualityLevel:1 ; High quality]]
[2022.04.26-12.45.26:678][  0]LogConfig: Setting CVar [[r.AnisotropicMaterials:1]]
[2022.04.26-12.45.26:678][  0]LogConfig: Setting CVar [[r.SSS.Scale:1]]
[2022.04.26-12.45.26:678][  0]LogConfig: Setting CVar [[r.SSS.SampleSet:2]]
[2022.04.26-12.45.26:678][  0]LogConfig: Setting CVar [[r.SSS.Quality:1]]
[2022.04.26-12.45.26:678][  0]LogConfig: Setting CVar [[r.SSS.HalfRes:0]]
[2022.04.26-12.45.26:679][  0]LogConfig: Setting CVar [[r.SSGI.Quality:3]]
[2022.04.26-12.45.26:679][  0]LogConfig: Setting CVar [[r.EmitterSpawnRateScale:1.0]]
[2022.04.26-12.45.26:679][  0]LogConfig: Setting CVar [[r.ParticleLightQuality:2]]
[2022.04.26-12.45.26:679][  0]LogConfig: Setting CVar [[r.SkyAtmosphere.AerialPerspectiveLUT.FastApplyOnOpaque:1 ; Always have FastSkyLUT 1 in this case to avoid wrong sky]]
[2022.04.26-12.45.26:679][  0]LogConfig: Setting CVar [[r.SkyAtmosphere.AerialPerspectiveLUT.SampleCountMaxPerSlice:4]]
[2022.04.26-12.45.26:679][  0]LogConfig: Setting CVar [[r.SkyAtmosphere.AerialPerspectiveLUT.DepthResolution:16.0]]
[2022.04.26-12.45.26:679][  0]LogConfig: Setting CVar [[r.SkyAtmosphere.FastSkyLUT:1]]
[2022.04.26-12.45.26:679][  0]LogConfig: Setting CVar [[r.SkyAtmosphere.FastSkyLUT.SampleCountMin:4.0]]
[2022.04.26-12.45.26:679][  0]LogConfig: Setting CVar [[r.SkyAtmosphere.FastSkyLUT.SampleCountMax:128.0]]
[2022.04.26-12.45.26:679][  0]LogConfig: Setting CVar [[r.SkyAtmosphere.SampleCountMin:4.0]]
[2022.04.26-12.45.26:679][  0]LogConfig: Setting CVar [[r.SkyAtmosphere.SampleCountMax:128.0]]
[2022.04.26-12.45.26:679][  0]LogConfig: Setting CVar [[r.SkyAtmosphere.TransmittanceLUT.UseSmallFormat:0]]
[2022.04.26-12.45.26:679][  0]LogConfig: Setting CVar [[r.SkyAtmosphere.TransmittanceLUT.SampleCount:10.0]]
[2022.04.26-12.45.26:679][  0]LogConfig: Setting CVar [[r.SkyAtmosphere.MultiScatteringLUT.SampleCount:15.0]]
[2022.04.26-12.45.26:679][  0]LogConfig: Setting CVar [[r.SkyLight.RealTimeReflectionCapture:1]]
[2022.04.26-12.45.26:679][  0]LogConfig: Applying CVar settings from Section [FoliageQuality@3] File [C:/Users/hampus.norman/Documents/GitHub/MobShooterGame/Saved/Config/Windows/Scalability.ini]
[2022.04.26-12.45.26:679][  0]LogConfig: Setting CVar [[foliage.DensityScale:1.0]]
[2022.04.26-12.45.26:679][  0]LogConfig: Setting CVar [[grass.DensityScale:1.0]]
[2022.04.26-12.45.26:679][  0]LogConfig: Applying CVar settings from Section [ShadingQuality@3] File [C:/Users/hampus.norman/Documents/GitHub/MobShooterGame/Saved/Config/Windows/Scalability.ini]
[2022.04.26-12.45.26:679][  0]LogConfig: Setting CVar [[r.HairStrands.SkyLighting.IntegrationType:2]]
[2022.04.26-12.45.26:679][  0]LogConfig: Setting CVar [[r.HairStrands.SkyAO.SampleCount:4]]
[2022.04.26-12.45.26:679][  0]LogConfig: Setting CVar [[r.HairStrands.Visibility.MSAA.SamplePerPixel:4]]
[2022.04.26-12.45.26:679][  0]LogConfig: Applying CVar settings from Section [Startup] File [../../../Engine/Config/ConsoleVariables.ini]
[2022.04.26-12.45.26:679][  0]LogConfig: Setting CVar [[net.UseAdaptiveNetUpdateFrequency:0]]
[2022.04.26-12.45.26:679][  0]LogConfig: Setting CVar [[p.chaos.AllowCreatePhysxBodies:1]]
[2022.04.26-12.45.26:679][  0]LogConfig: Setting CVar [[fx.SkipVectorVMBackendOptimizations:1]]
[2022.04.26-12.45.26:679][  0]LogConfig: Applying CVar settings from Section [ConsoleVariables] File [C:/Users/hampus.norman/Documents/GitHub/MobShooterGame/Saved/Config/Windows/Engine.ini]
[2022.04.26-12.45.26:679][  0]LogConfig: Applying CVar settings from Section [ConsoleVariables] File [C:/Users/hampus.norman/Documents/GitHub/MobShooterGame/Saved/Config/Windows/Editor.ini]
[2022.04.26-12.45.26:679][  0]LogInit: Computer: DESKTOP-5S6G39H
[2022.04.26-12.45.26:679][  0]LogInit: User: hampusnorman
[2022.04.26-12.45.26:679][  0]LogInit: CPU Page size=4096, Cores=6
[2022.04.26-12.45.26:679][  0]LogInit: High frequency timer resolution =10.000000 MHz
[2022.04.26-12.45.26:679][  0]LogMemory: Memory total: Physical=15.8GB (16GB approx)
[2022.04.26-12.45.26:679][  0]LogMemory: Platform Memory Stats for Windows
[2022.04.26-12.45.26:679][  0]LogMemory: Process Physical Memory: 146.65 MB used, 146.66 MB peak
[2022.04.26-12.45.26:679][  0]LogMemory: Process Virtual Memory: 132.09 MB used, 132.09 MB peak
[2022.04.26-12.45.26:679][  0]LogMemory: Physical Memory: 10153.27 MB used,  6067.90 MB free, 16221.16 MB total
[2022.04.26-12.45.26:679][  0]LogMemory: Virtual Memory: 134208936.00 MB used,  8788.16 MB free, 134217728.00 MB total
[2022.04.26-12.45.26:682][  0]LogWindows: WindowsPlatformFeatures enabled
[2022.04.26-12.45.26:707][  0]LogInit: Physics initialised using underlying interface: PhysX
[2022.04.26-12.45.26:707][  0]LogInit: Using OS detected language (en-GB).
[2022.04.26-12.45.26:707][  0]LogInit: Using OS detected locale (en-SE).
[2022.04.26-12.45.26:711][  0]LogTextLocalizationManager: No specific localization for 'en-GB' exists, so the 'en' localization will be used.
[2022.04.26-12.45.26:839][  0]LogInit: Setting process to per monitor DPI aware
[2022.04.26-12.45.26:848][  0]LogWindowsTextInputMethodSystem: Display: IME system deactivated.
[2022.04.26-12.45.26:862][  0]LogSlate: New Slate User Created.  User Index 0, Is Virtual User: 0
[2022.04.26-12.45.26:862][  0]LogSlate: Slate User Registered.  User Index 0, Is Virtual User: 0
[2022.04.26-12.45.26:943][  0]LogD3D11RHI: Loaded GFSDK_Aftermath_Lib.x64.dll
[2022.04.26-12.45.26:945][  0]LogHMD: Failed to initialize OpenVR with code 110
[2022.04.26-12.45.26:945][  0]LogD3D11RHI: D3D11 min allowed feature level: 11_0
[2022.04.26-12.45.26:945][  0]LogD3D11RHI: D3D11 max allowed feature level: 11_0
[2022.04.26-12.45.26:945][  0]LogD3D11RHI: D3D11 adapters:
[2022.04.26-12.45.27:015][  0]LogD3D11RHI:    0. 'NVIDIA GeForce RTX 3060' (Feature Level 11_0)
[2022.04.26-12.45.27:015][  0]LogD3D11RHI:       12142/0/8110 MB DedicatedVideo/DedicatedSystem/SharedSystem, Outputs:3, VendorId:0x10de
[2022.04.26-12.45.27:016][  0]LogD3D11RHI:    1. 'Microsoft Basic Render Driver' (Feature Level 11_0)
[2022.04.26-12.45.27:016][  0]LogD3D11RHI:       0/0/8110 MB DedicatedVideo/DedicatedSystem/SharedSystem, Outputs:0, VendorId:0x1414
[2022.04.26-12.45.27:016][  0]LogD3D11RHI: Chosen D3D11 Adapter:
[2022.04.26-12.45.27:016][  0]LogD3D11RHI:     Description : NVIDIA GeForce RTX 3060
[2022.04.26-12.45.27:016][  0]LogD3D11RHI:     VendorId    : 10de
[2022.04.26-12.45.27:016][  0]LogD3D11RHI:     DeviceId    : 2504
[2022.04.26-12.45.27:016][  0]LogD3D11RHI:     SubSysId    : 88161043
[2022.04.26-12.45.27:016][  0]LogD3D11RHI:     Revision    : 00a1
[2022.04.26-12.45.27:016][  0]LogD3D11RHI:     DedicatedVideoMemory : 12731809792 bytes
[2022.04.26-12.45.27:016][  0]LogD3D11RHI:     DedicatedSystemMemory : 0 bytes
[2022.04.26-12.45.27:016][  0]LogD3D11RHI:     SharedSystemMemory : 8504561664 bytes
[2022.04.26-12.45.27:016][  0]LogD3D11RHI:     AdapterLuid : 0 55620
[2022.04.26-12.45.27:022][  0]LogD3D11RHI: Creating new Direct3DDevice
[2022.04.26-12.45.27:022][  0]LogD3D11RHI:     GPU DeviceId: 0x2504 (for the marketing name, search the web for "GPU Device Id")
[2022.04.26-12.45.27:022][  0]LogWindows: EnumDisplayDevices:
[2022.04.26-12.45.27:022][  0]LogWindows:    0. 'NVIDIA GeForce RTX 3060' (P:1 D:1)
[2022.04.26-12.45.27:022][  0]LogWindows:    1. 'NVIDIA GeForce RTX 3060' (P:0 D:1)
[2022.04.26-12.45.27:022][  0]LogWindows:    2. 'NVIDIA GeForce RTX 3060' (P:0 D:1)
[2022.04.26-12.45.27:022][  0]LogWindows:    3. 'NVIDIA GeForce RTX 3060' (P:0 D:0)
[2022.04.26-12.45.27:022][  0]LogWindows: DebugString: FoundDriverCount:4 
[2022.04.26-12.45.27:022][  0]LogD3D11RHI:     Adapter Name: NVIDIA GeForce RTX 3060
[2022.04.26-12.45.27:022][  0]LogD3D11RHI:   Driver Version: 512.15 (internal:30.0.15.1215, unified:512.15)
[2022.04.26-12.45.27:022][  0]LogD3D11RHI:      Driver Date: 3-17-2022
[2022.04.26-12.45.27:022][  0]LogRHI: Texture pool is 8499 MB (70% of 12142 MB)
[2022.04.26-12.45.27:022][  0]LogD3D11RHI: Creating D3DDevice using adapter:
[2022.04.26-12.45.27:022][  0]LogD3D11RHI:     Description : NVIDIA GeForce RTX 3060
[2022.04.26-12.45.27:022][  0]LogD3D11RHI:     VendorId    : 10de
[2022.04.26-12.45.27:022][  0]LogD3D11RHI:     DeviceId    : 2504
[2022.04.26-12.45.27:022][  0]LogD3D11RHI:     SubSysId    : 88161043
[2022.04.26-12.45.27:022][  0]LogD3D11RHI:     Revision    : 00a1
[2022.04.26-12.45.27:022][  0]LogD3D11RHI:     DedicatedVideoMemory : 12731809792 bytes
[2022.04.26-12.45.27:022][  0]LogD3D11RHI:     DedicatedSystemMemory : 0 bytes
[2022.04.26-12.45.27:022][  0]LogD3D11RHI:     SharedSystemMemory : 8504561664 bytes
[2022.04.26-12.45.27:022][  0]LogD3D11RHI:     AdapterLuid : 0 55620
[2022.04.26-12.45.27:071][  0]LogD3D11RHI: RHI has support for 64 bit atomics
[2022.04.26-12.45.27:071][  0]LogD3D11RHI: Async texture creation enabled
[2022.04.26-12.45.27:071][  0]LogD3D11RHI: Array index from any shader is supported
[2022.04.26-12.45.27:092][  0]LogD3D11RHI: GPU Timing Frequency: 1000.000000 (Debug: 2 1)
[2022.04.26-12.45.27:108][  0]LogRHI: GeForceNow SDK initialized: 1
[2022.04.26-12.45.27:315][  0]LogTargetPlatformManager: Display: Loaded TargetPlatform 'AllDesktop'
[2022.04.26-12.45.27:330][  0]LogTargetPlatformManager: Display: Loaded TargetPlatform 'Android'
[2022.04.26-12.45.27:330][  0]LogTargetPlatformManager: Display: Loaded TargetPlatform 'Android_ASTC'
[2022.04.26-12.45.27:330][  0]LogTargetPlatformManager: Display: Loaded TargetPlatform 'Android_DXT'
[2022.04.26-12.45.27:330][  0]LogTargetPlatformManager: Display: Loaded TargetPlatform 'Android_ETC2'
[2022.04.26-12.45.27:330][  0]LogTargetPlatformManager: Display: Loaded TargetPlatform 'AndroidClient'
[2022.04.26-12.45.27:330][  0]LogTargetPlatformManager: Display: Loaded TargetPlatform 'Android_ASTCClient'
[2022.04.26-12.45.27:330][  0]LogTargetPlatformManager: Display: Loaded TargetPlatform 'Android_DXTClient'
[2022.04.26-12.45.27:330][  0]LogTargetPlatformManager: Display: Loaded TargetPlatform 'Android_ETC2Client'
[2022.04.26-12.45.27:330][  0]LogTargetPlatformManager: Display: Loaded TargetPlatform 'Android_Multi'
[2022.04.26-12.45.27:330][  0]LogTargetPlatformManager: Display: Loaded TargetPlatform 'Android_MultiClient'
[2022.04.26-12.45.27:342][  0]LogTargetPlatformManager: Display: Loaded TargetPlatform 'IOSClient'
[2022.04.26-12.45.27:342][  0]LogTargetPlatformManager: Display: Loaded TargetPlatform 'IOS'
[2022.04.26-12.45.27:349][  0]LogTargetPlatformManager: Display: Loaded TargetPlatform 'Linux'
[2022.04.26-12.45.27:352][  0]LogTargetPlatformManager: Display: Loaded TargetPlatform 'LinuxNoEditor'
[2022.04.26-12.45.27:355][  0]LogTargetPlatformManager: Display: Loaded TargetPlatform 'LinuxClient'
[2022.04.26-12.45.27:358][  0]LogTargetPlatformManager: Display: Loaded TargetPlatform 'LinuxServer'
[2022.04.26-12.45.27:365][  0]LogTargetPlatformManager: Display: Loaded TargetPlatform 'LinuxAArch64NoEditor'
[2022.04.26-12.45.27:368][  0]LogTargetPlatformManager: Display: Loaded TargetPlatform 'LinuxAArch64Client'
[2022.04.26-12.45.27:371][  0]LogTargetPlatformManager: Display: Loaded TargetPlatform 'LinuxAArch64Server'
[2022.04.26-12.45.27:390][  0]LogTargetPlatformManager: Display: Loaded TargetPlatform 'Lumin'
[2022.04.26-12.45.27:390][  0]LogTargetPlatformManager: Display: Loaded TargetPlatform 'LuminClient'
[2022.04.26-12.45.27:396][  0]LogTargetPlatformManager: Display: Loaded TargetPlatform 'MacNoEditor'
[2022.04.26-12.45.27:399][  0]LogTargetPlatformManager: Display: Loaded TargetPlatform 'Mac'
[2022.04.26-12.45.27:402][  0]LogTargetPlatformManager: Display: Loaded TargetPlatform 'MacClient'
[2022.04.26-12.45.27:405][  0]LogTargetPlatformManager: Display: Loaded TargetPlatform 'MacServer'
[2022.04.26-12.45.27:412][  0]LogTargetPlatformManager: Display: Loaded TargetPlatform 'TVOSClient'
[2022.04.26-12.45.27:412][  0]LogTargetPlatformManager: Display: Loaded TargetPlatform 'TVOS'
[2022.04.26-12.45.27:419][  0]LogTargetPlatformManager: Display: Loaded TargetPlatform 'WindowsNoEditor'
[2022.04.26-12.45.27:422][  0]LogTargetPlatformManager: Display: Loaded TargetPlatform 'Windows'
[2022.04.26-12.45.27:425][  0]LogTargetPlatformManager: Display: Loaded TargetPlatform 'WindowsClient'
[2022.04.26-12.45.27:427][  0]LogTargetPlatformManager: Display: Loaded TargetPlatform 'WindowsServer'
[2022.04.26-12.45.27:427][  0]LogTargetPlatformManager: Display: Building Assets For Windows
[2022.04.26-12.45.27:431][  0]LogAudioDebug: Display: Lib vorbis DLL was dynamically loaded.
[2022.04.26-12.45.27:450][  0]LogTextureFormatOodle: Display: Oodle Texture 2.9.0 init RDO Off
[2022.04.26-12.45.27:468][  0]LogRendererCore: Ray tracing is disabled. Reason: r.RayTracing=0.
[2022.04.26-12.45.27:468][  0]LogShaderCompilers: Guid format shader working directory is -16 characters bigger than the processId version (../../../../../../Users/hampus.norman/Documents/GitHub/MobShooterGame/Intermediate/Shaders/WorkingDirectory/15500/).
[2022.04.26-12.45.27:468][  0]LogShaderCompilers: Cleaned the shader compiler working directory 'C:/Users/hampus.norman/AppData/Local/Temp/UnrealShaderWorkingDir/B4BBDEDA452907CF0715B98AD5B95889/'.
[2022.04.26-12.45.27:468][  0]LogXGEController: Cannot use XGE Controller as Incredibuild is not installed on this machine.
[2022.04.26-12.45.27:468][  0]LogShaderCompilers: Cannot use XGE Shader Compiler as Incredibuild is not installed on this machine.
[2022.04.26-12.45.27:468][  0]LogShaderCompilers: Display: Using Local Shader Compiler.
[2022.04.26-12.45.28:000][  0]LogDerivedDataCache: Display: Max Cache Size: 512 MB
[2022.04.26-12.45.28:061][  0]LogDerivedDataCache: Loaded boot cache 0.06s 136MB C:/Users/hampus.norman/AppData/Local/UnrealEngine/4.27/DerivedDataCache/Boot.ddc.
[2022.04.26-12.45.28:061][  0]LogDerivedDataCache: Display: Loaded Boot cache: C:/Users/hampus.norman/AppData/Local/UnrealEngine/4.27/DerivedDataCache/Boot.ddc
[2022.04.26-12.45.28:062][  0]LogDerivedDataCache: FDerivedDataBackendGraph:  Pak pak cache file ../../../../../../Users/hampus.norman/Documents/GitHub/MobShooterGame/DerivedDataCache/DDC.ddp not found, will not use a pak cache.
[2022.04.26-12.45.28:062][  0]LogDerivedDataCache: Unable to find inner node Pak for hierarchical cache Hierarchy.
[2022.04.26-12.45.28:062][  0]LogDerivedDataCache: FDerivedDataBackendGraph:  CompressedPak pak cache file ../../../../../../Users/hampus.norman/Documents/GitHub/MobShooterGame/DerivedDataCache/Compressed.ddp not found, will not use a pak cache.
[2022.04.26-12.45.28:062][  0]LogDerivedDataCache: Unable to find inner node CompressedPak for hierarchical cache Hierarchy.
[2022.04.26-12.45.28:074][  0]LogDerivedDataCache: Display: Pak cache opened for reading ../../../Engine/DerivedDataCache/Compressed.ddp.
[2022.04.26-12.45.28:074][  0]LogDerivedDataCache: FDerivedDataBackendGraph:  EnterprisePak pak cache file ../../../Enterprise/DerivedDataCache/Compressed.ddp not found, will not use a pak cache.
[2022.04.26-12.45.28:074][  0]LogDerivedDataCache: Unable to find inner node EnterprisePak for hierarchical cache Hierarchy.
[2022.04.26-12.45.28:080][  0]LogDerivedDataCache: Speed tests for C:/Users/hampus.norman/AppData/Local/UnrealEngine/Common/DerivedDataCache took 0.01 seconds
[2022.04.26-12.45.28:080][  0]LogDerivedDataCache: Display: Performance to C:/Users/hampus.norman/AppData/Local/UnrealEngine/Common/DerivedDataCache: Latency=0.02ms. RandomReadSpeed=282.77MBs, RandomWriteSpeed=343.82MBs. Assigned SpeedClass 'Local'
[2022.04.26-12.45.28:081][  0]LogDerivedDataCache: Using Local data cache path C:/Users/hampus.norman/AppData/Local/UnrealEngine/Common/DerivedDataCache: Writable
[2022.04.26-12.45.28:081][  0]LogDerivedDataCache: Shared data cache path not found in *engine.ini, will not use an Shared cache.
[2022.04.26-12.45.28:081][  0]LogDerivedDataCache: Unable to find inner node Shared for hierarchical cache Hierarchy.
[2022.04.26-12.45.28:113][  0]LogSlate: Using FreeType 2.10.0
[2022.04.26-12.45.28:114][  0]LogSlate: SlateFontServices - WITH_FREETYPE: 1, WITH_HARFBUZZ: 1
[2022.04.26-12.45.28:131][  0]LogAssetRegistry: FAssetRegistry took 0.0023 seconds to start up
[2022.04.26-12.45.28:363][  0]LogInit: Selected Device Profile: [Windows]
[2022.04.26-12.45.28:363][  0]LogInit: Active device profile: [000001A8A0D7ED00][000001A8A1C56BC0 49] Windows
[2022.04.26-12.45.28:363][  0]LogInit: Profiles: [000001A8A0D7ED00][000001A8A1C56BC0 49] Windows, [000001A8A0D29D00][000001A8A1C52D00 49] WindowsNoEditor, [000001A8A0D7FC00][000001A8A1C5AE40 49] WindowsServer, [000001A8A0D2AA00][000001A8A1C5EF80 49] WindowsClient, [000001A8A0D7D800][000001A8A1C67100 49] IOS, [000001A8A0D29300][000001A8A1C6B280 49] iPadAir, [000001A8A0D7E500][000001A8A1C6F400 49] iPadAir2, [000001A8A0CBD300][000001A8A1C776C0 49] IPadPro, [000001A8A0CBD400][000001A8A1C73700 49] iPadAir3, [000001A8A0D2BA00][000001A8A1C7B880 49] iPadAir4, [000001A8A0CBE100][000001A8A1C7FA00 49] iPadMini2, [000001A8A0D2AF00][000001A8A1C83B80 49] iPadMini3, [000001A8A0CBEC00][000001A8A1C86180 49] iPadMini4, [000001A8A0D29E00][000001A8A1C8A300 49] iPadMini5, [000001A8A0CE8C00][000001A8A1CA45C0 49] iPhone6, [000001A8A0CE8D00][000001A8A1CA0600 49] iPodTouch6, [000001A8A0D7DB00][000001A8A1CAC8C0 49] iPhone7, [000001A8A0D7DA00][000001A8A1CA8900 49] iPodTouch7, [000001A8A0CBD100][000001A8A1CB0A80 49] iPhone5S, [000001A8A0D7D500][000001A8A1CB4C00 49] iPhone6Plus, [000001A8A0CE8100][000001A8A1C62D40 49] iPhone6S, [000001A8A0CBC800][000001A8A1CB8E80 49] iPhone6SPlus, [000001A8A0CEBE00][000001A8A1CBCFC0 49] iPhone7Plus, [000001A8A0CBCF00][000001A8A1CC1100 49] iPhoneSE, [000001A8A0CEB800][000001A8A1CC9280 49] iPhone8, [000001A8A0CBF600][000001A8A1CCD400 49] iPhone8Plus, [000001A8A0CEA400][000001A8A1CD1580 49] iPhoneX, [000001A8A0CBD900][000001A8A1CD5700 49] iPhoneXS, [000001A8A0CEAF00][000001A8A1CD9880 49] iPhoneXSMax, [000001A8A0D7C300][000001A8A1CDDA00 49] iPhoneXR, [000001A8A0CE9100][000001A8A1CE1B80 49] iPhone11, [000001A8A0D7D200][000001A8A1CE4180 49] iPhone11Pro, [000001A8A0CEBA00][000001A8A1CE8300 49] iPhone11ProMax, [000001A8A0D7EC00][000001A8A1CEC480 49] iPhoneSE2, [000001A8A0CE9600][000001A8A1CF0600 49] iPhone12Mini, [000001A8A0D7F400][000001A8A1CF4780 49] iPhone12, [000001A8A0CEB600][000001A8A1CF8900 49] iPhone12Pro, [000001A8A0D7C700][000001A8A1CFCA80 49] iPhone12ProMax, [000001A8A0CEA100][000001A8A1D00C00 49] iPadPro105, [000001A8A0D7EA00][000001A8A1D04D80 49] iPadPro129, [000001A8A0CE9400][000001A8A1D08F00 49] iPadPro97, [000001A8A0D7E000][000001A8A1CC5040 49] iPadPro2_129, [000001A8A0CE8500][000001A8A1D0D180 49] iPad5, [000001A8A0D7EF00][000001A8A1D112C0 49] iPad6, [000001A8A0CEB000][000001A8A1D19440 49] iPad7, [000001A8A0D7DE00][000001A8A1D1D5C0 49] iPad8, [000001A8A0CEB300][000001A8A1D21740 49] iPadPro11, [000001A8A0D7CA00][000001A8A1D258C0 49] iPadPro2_11, [000001A8A0CE8B00][000001A8A1D29A40 49] iPadPro3_129, [000001A8A0D7CF00][000001A8A1D2DBC0 49] iPadPro4_129, [000001A8A0CE9D00][000001A8A1D301C0 49] AppleTV, [000001A8A0D7F600][000001A8A1D34340 49] AppleTV4K, [000001A8A0CE9F00][000001A8A1D384C0 49] TVOS, [000001A8A0D7C400][000001A8A1D3C640 49] Mac, [000001A8A0CEA500][000001A8A1D407C0 49] MacClient, [000001A8A0D7C200][000001A8A1D44940 49] MacNoEditor, [000001A8A0CE8E00][000001A8A1D48AC0 49] MacServer, [000001A8A0D7EB00][000001A8A1D4CC40 49] Linux, [000001A8A0CEA300][000001A8A1D50DC0 49] LinuxAArch64, [000001A8A0D7DC00][000001A8A1D54F40 49] LinuxNoEditor, [000001A8A0CE8700][000001A8A1D590C0 49] LinuxAArch64NoEditor, [000001A8A0D7D600][000001A8A1D15200 49] LinuxClient, [000001A8A0CE8900][000001A8A1D5D340 49] LinuxAArch64Client, [000001A8A0D7E200][000001A8A1D61480 49] LinuxServer, [000001A8A0CEB400][000001A8A1D655C0 49] LinuxAArch64Server, [000001A8A0D7F900][000001A8A1D6D740 49] Android, [000001A8A0CEAB00][000001A8A1D718C0 49] Android_Low, [000001A8A0D7D400][000001A8A1D75A40 49] Android_Mid, [000001A8A0CEA600][000001A8A1D79BC0 49] Android_High, [000001A8A0D7CB00][000001A8A1D7C1C0 49] Android_Default, [000001A8A0CEAD00][000001A8A1D80340 49] Android_Adreno4xx, [000001A8A0D7C600][000001A8A1D844C0 49] Android_Adreno5xx_Low, [000001A8A0CEAE00][000001A8A1D88640 49] Android_Adreno5xx, [000001A8A0D7F500][000001A8A1D8C7C0 49] Android_Adreno6xx, [000001A8A0CE9E00][000001A8A1D90940 49] Android_Adreno6xx_Vulkan, [000001A8A0D2BD00][000001A8A1D94AC0 49] Android_Mali_T6xx, [000001A8A0CBD800][000001A8A1D98C40 49] Android_Mali_T7xx, [000001A8A0D2BC00][000001A8A1D9CDC0 49] Android_Mali_T8xx, [000001A8A0CBDA00][000001A8A1DA0F40 49] Android_Mali_G71, [000001A8A0D2A000][000001A8A1DA50C0 49] Android_Mali_G72, [000001A8A0CBFB00][000001A8A1DA9240 49] Android_Mali_G72_Vulkan, [000001A8A0D29A00][000001A8A1D69380 49] Android_Mali_G76, [000001A8A0CBC500][000001A8A1DAD4C0 49] Android_Mali_G76_Vulkan, [000001A8A0D28600][000001A8A1DB1600 49] Android_Mali_G77, [000001A8A0CBF700][000001A8A1DB5740 49] Android_Mali_G77_Vulkan, [000001A8A0D28200][000001A8A1DBD8C0 49] Android_Mali_G78, [000001A8A0CBF400][000001A8A1DC1A40 49] Android_Mali_G78_Vulkan, [000001A8A0D2AD00][000001A8A1DC5BC0 49] Android_Mali_G710, [000001A8A0CBEF00][000001A8A1DC81C0 49] Android_Mali_G710_Vulkan, [000001A8A0D2B400][000001A8A1DCC340 49] Android_Vulkan_SM5, [000001A8A0CBCE00][000001A8A1DD04C0 49] Android_PowerVR_G6xxx, [000001A8A0D2A600][000001A8A1DD4640 49] Android_PowerVR_GT7xxx, [000001A8A0CBC200][000001A8A1DD87C0 49] Android_PowerVR_GE8xxx, [000001A8A0D29600][000001A8A1DDC940 49] Android_PowerVR_GM9xxx, [000001A8A0CBDE00][000001A8A1DE0AC0 49] Android_PowerVR_GM9xxx_Vulkan, [000001A8A0D2B700][000001A8A1DE4C40 49] Android_TegraK1, [000001A8A0CBE000][000001A8A1DE8DC0 49] Android_Unknown_Vulkan, [000001A8A0D28C00][000001A8A1DECF40 49] Lumin, [000001A8A0CBC600][000001A8A1DF10C0 49] Lumin_Desktop, [000001A8A0CEB100][000001A8A1DF5240 49] HoloLens, 
[2022.04.26-12.45.28:494][  0]LogMeshReduction: Using QuadricMeshReduction for automatic static mesh reduction
[2022.04.26-12.45.28:494][  0]LogMeshReduction: Using SimplygonMeshReduction for automatic skeletal mesh reduction
[2022.04.26-12.45.28:494][  0]LogMeshReduction: Using ProxyLODMeshReduction for automatic mesh merging
[2022.04.26-12.45.28:494][  0]LogMeshReduction: No distributed automatic mesh merging module available
[2022.04.26-12.45.28:494][  0]LogMeshMerging: No distributed automatic mesh merging module available
[2022.04.26-12.45.28:513][  0]LogNetVersion: MobShooterGame 1.0.0, NetCL: 17155196, EngineNetVer: 17, GameNetVer: 0 (Checksum: 1043500120)
[2022.04.26-12.45.28:884][  0]LogTexture: Default maximum texture size for cubemaps generated from long-lat sources has been changed from 512 to unlimited. In order to preserve old behaiour for '/Engine/MapTemplates/Sky/DaylightAmbientCubemap.DaylightAmbientCubemap', its maximum texture size has been explicitly set to 512.
[2022.04.26-12.45.28:954][  0]LogHMD: PokeAHoleMaterial loaded successfully
[2022.04.26-12.45.28:960][  0]LogUObjectArray: 17178 objects as part of root set at end of initial load.
[2022.04.26-12.45.28:960][  0]LogUObjectAllocator: 4302048 out of 0 bytes used by permanent object pool.
[2022.04.26-12.45.28:960][  0]LogUObjectArray: CloseDisregardForGC: 0/0 objects in disregard for GC pool
[2022.04.26-12.45.29:306][  0]LogNiagaraDebuggerClient: Niagara Debugger Client Initialized | Session: 2ED95308426B902DF163D3999AF2E775 | Instance: DB7318C24B1073763DE9DB929E033265 (DESKTOP-5S6G39H-15500).
[2022.04.26-12.45.29:336][  0]LogPython: Using Python 3.7.7
[2022.04.26-12.45.29:806][  0]LogTcpMessaging: Initializing TcpMessaging bridge
[2022.04.26-12.45.29:810][  0]LogUdpMessaging: Initializing bridge on interface 0.0.0.0:0 to multicast group 230.0.0.1:6666.
[2022.04.26-12.45.29:943][  0]SourceControl: Source control is disabled
[2022.04.26-12.45.29:943][  0]SourceControl: Source control is disabled
[2022.04.26-12.45.29:945][  0]SourceControl: Source control is disabled
[2022.04.26-12.45.29:947][  0]SourceControl: Source control is disabled
[2022.04.26-12.45.29:951][  0]SourceControl: Source control is disabled
[2022.04.26-12.45.29:961][  0]LogUProjectInfo: Found projects:
[2022.04.26-12.45.30:057][  0]LogOpenImageDenoise: OIDN starting up
[2022.04.26-12.45.30:075][  0]LogAndroidPermission: UAndroidPermissionCallbackProxy::GetInstance
[2022.04.26-12.45.30:085][  0]LogAudioCaptureCore: Display: No Audio Capture implementations found. Audio input will be silent.
[2022.04.26-12.45.30:085][  0]LogAudioCaptureCore: Display: No Audio Capture implementations found. Audio input will be silent.
[2022.04.26-12.45.30:170][  0]LogCollectionManager: Loaded 0 collections in 0.001001 seconds
[2022.04.26-12.45.30:186][  0]LogFileCache: Scanning file cache for directory 'C:/Users/hampus.norman/Documents/GitHub/MobShooterGame/Saved/Collections/' took 0.00s
[2022.04.26-12.45.30:186][  0]LogFileCache: Scanning file cache for directory 'C:/Users/hampus.norman/Documents/GitHub/MobShooterGame/Content/Developers/hampusnorman/Collections/' took 0.00s
[2022.04.26-12.45.30:186][  0]LogFileCache: Scanning file cache for directory 'C:/Users/hampus.norman/Documents/GitHub/MobShooterGame/Content/Collections/' took 0.00s
[2022.04.26-12.45.30:186][  0]LogOcInput: OculusInput pre-init called
[2022.04.26-12.45.30:347][  0]LogEngine: Initializing Engine...
[2022.04.26-12.45.30:377][  0]LogHMD: Failed to enumerate extensions. Please check that you have a valid OpenXR runtime installed.
[2022.04.26-12.45.30:377][  0]LogHMD: Failed to initialize OpenVR with code 110
[2022.04.26-12.45.30:377][  0]LogMagicLeap: Warning: VR disabled because ZI is not enabled.  To enable, in the editor, Edit -> Project Settings -> Plugins -> Magic Leap Plugin -> Enable Zero Iteration
[2022.04.26-12.45.30:378][  0]LogStats: UGameplayTagsManager::InitializeManager -  0.000 s
[2022.04.26-12.45.30:482][  0]LogInit: Initializing FReadOnlyCVARCache
[2022.04.26-12.45.30:488][  0]LogAIModule: Creating AISystem for world Untitled
[2022.04.26-12.45.30:498][  0]LogAudio: Display: Initializing Audio Device Manager...
[2022.04.26-12.45.30:500][  0]LogAudio: Display: Loading Default Audio Settings Objects...
[2022.04.26-12.45.30:501][  0]LogAudio: Display: No default SoundConcurrencyObject specified (or failed to load).
[2022.04.26-12.45.30:501][  0]LogAudio: Display: Audio Device Manager Initialized
[2022.04.26-12.45.30:501][  0]LogAudio: Display: Creating Audio Device:                 Id: 1, Scope: Shared, Realtime: True
[2022.04.26-12.45.30:501][  0]LogAudioMixer: Display: Audio Mixer Platform Settings:
[2022.04.26-12.45.30:501][  0]LogAudioMixer: Display: 	Sample Rate:						  48000
[2022.04.26-12.45.30:501][  0]LogAudioMixer: Display: 	Callback Buffer Frame Size Requested: 1024
[2022.04.26-12.45.30:501][  0]LogAudioMixer: Display: 	Callback Buffer Frame Size To Use:	  1024
[2022.04.26-12.45.30:501][  0]LogAudioMixer: Display: 	Number of buffers to queue:			  2
[2022.04.26-12.45.30:501][  0]LogAudioMixer: Display: 	Max Channels (voices):				  32
[2022.04.26-12.45.30:501][  0]LogAudioMixer: Display: 	Number of Async Source Workers:		  0
[2022.04.26-12.45.30:501][  0]LogAudio: Display: AudioDevice MaxSources: 32
[2022.04.26-12.45.30:501][  0]LogAudio: Display: Audio Spatialization Plugin: None (built-in).
[2022.04.26-12.45.30:501][  0]LogAudio: Display: Audio Reverb Plugin: None (built-in).
[2022.04.26-12.45.30:501][  0]LogAudio: Display: Audio Occlusion Plugin: None (built-in).
[2022.04.26-12.45.30:501][  0]LogAudioMixer: Display: Initializing audio mixer.
[2022.04.26-12.45.30:510][  0]LogAudioMixer: Display: 0: FrontLeft
[2022.04.26-12.45.30:510][  0]LogAudioMixer: Display: 1: FrontRight
[2022.04.26-12.45.30:519][  0]LogAudioMixer: Display: Using Audio Device Headset Earphone (HyperX Virtual Surround Sound)
[2022.04.26-12.45.30:524][  0]LogAudioMixer: Display: Initializing Sound Submixes...
[2022.04.26-12.45.30:525][  0]LogAudioMixer: Display: Creating Master Submix 'MasterSubmixDefault'
[2022.04.26-12.45.30:525][  0]LogAudioMixer: Display: Creating Master Submix 'MasterReverbSubmixDefault'
[2022.04.26-12.45.30:526][  0]LogAudioMixer: Display: Creating Master Submix 'MasterEQSubmixDefault'
[2022.04.26-12.45.30:526][  0]LogAudioMixer: FMixerPlatformXAudio2::StartAudioStream() called
[2022.04.26-12.45.30:526][  0]LogAudioMixer: Display: Output buffers initialized: Frames=1024, Channels=2, Samples=2048
[2022.04.26-12.45.30:527][  0]LogAudioMixer: Display: Starting AudioMixerPlatformInterface::RunInternal()
[2022.04.26-12.45.30:527][  0]LogAudioMixer: Display: FMixerPlatformXAudio2::SubmitBuffer() called for the first time
[2022.04.26-12.45.30:527][  0]LogInit: FAudioDevice initialized.
[2022.04.26-12.45.30:527][  0]LogAudio: Display: Audio Device (ID: 1) registered with world 'Untitled'.
[2022.04.26-12.45.30:527][  0]LogNetVersion: Set ProjectVersion to 1.0.0.0. Version Checksum will be recalculated on next use.
[2022.04.26-12.45.30:576][  0]LogDerivedDataCache: Saved boot cache 0.05s 136MB C:/Users/hampus.norman/AppData/Local/UnrealEngine/4.27/DerivedDataCache/Boot.ddc.
[2022.04.26-12.45.30:580][  0]LogInit: Texture streaming: Enabled
[2022.04.26-12.45.30:588][  0]LogAnalytics: Display: [UEEditor.Rocket.Release] APIServer = https://datarouter.ol.epicgames.com/. AppVersion = 4.27.2-18319896+++UE4+Release-4.27
[2022.04.26-12.45.30:590][  0]LogEngineSessionManager: EngineSessionManager initialized
[2022.04.26-12.45.30:590][  0]LogEditorSessionSummary: Verbose: Initializing EditorSessionSummaryWriter for editor session tracking
[2022.04.26-12.45.30:591][  0]LogEditorSessionSummary: EditorSessionSummaryWriter initialized
[2022.04.26-12.45.30:608][  0]LogInit: Transaction tracking system initialized
[2022.04.26-12.45.30:621][  0]BlueprintLog: New page: Editor Load
[2022.04.26-12.45.30:661][  0]LocalizationService: Localization service is disabled
[2022.04.26-12.45.30:675][  0]TimingProfiler: Initialize
[2022.04.26-12.45.30:675][  0]TimingProfiler: OnSessionChanged
[2022.04.26-12.45.30:676][  0]LoadingProfiler: Initialize
[2022.04.26-12.45.30:676][  0]LoadingProfiler: OnSessionChanged
[2022.04.26-12.45.30:676][  0]NetworkingProfiler: Initialize
[2022.04.26-12.45.30:676][  0]NetworkingProfiler: OnSessionChanged
[2022.04.26-12.45.30:676][  0]MemoryProfiler: Initialize
[2022.04.26-12.45.30:676][  0]MemoryProfiler: OnSessionChanged
[2022.04.26-12.45.30:769][  0]LogCook: Display: CookSettings for Memory: MemoryMaxUsedVirtual 0MiB, MemoryMaxUsedPhysical 16384MiB, MemoryMinFreeVirtual 0MiB, MemoryMinFreePhysical 1024MiB
[2022.04.26-12.45.30:769][  0]LogCook: Display: Mobile HDR setting 1
[2022.04.26-12.45.30:884][  0]LogFileCache: Scanning file cache for directory 'C:/Users/hampus.norman/Documents/GitHub/MobShooterGame/Content/' took 0.00s
[2022.04.26-12.45.30:997][  0]LogInit: Display: Engine is initialized. Leaving FEngineLoop::Init()
[2022.04.26-12.45.30:999][  0]SourceControl: Source control is disabled
[2022.04.26-12.45.30:999][  0]LogUnrealEdMisc: Loading editor; pre map load, took 5.084
[2022.04.26-12.45.30:999][  0]Cmd: MAP LOAD FILE="../../../../../../Users/hampus.norman/Documents/GitHub/MobShooterGame/Content/Levels/SewerDungeon.umap" TEMPLATE=0 SHOWPROGRESS=1 FEATURELEVEL=3
[2022.04.26-12.45.30:999][  0]LightingResults: New page: Lighting Build
[2022.04.26-12.45.31:000][  0]LogWorld: UWorld::CleanupWorld for Untitled, bSessionEnded=true, bCleanupResources=true
[2022.04.26-12.45.31:000][  0]LogSlate: InvalidateAllWidgets triggered.  All widgets were invalidated
[2022.04.26-12.45.31:000][  0]MapCheck: New page: Map Check
[2022.04.26-12.45.31:000][  0]LightingResults: New page: Lighting Build
[2022.04.26-12.45.31:003][  0]LogAudio: Display: Audio Device unregistered from world 'None'.
[2022.04.26-12.45.31:005][  0]LogUObjectHash: Compacting FUObjectHashTables data took   0.49ms
[2022.04.26-12.45.31:133][  0]LogStaticMesh: Building static mesh 1M_Cube...
[2022.04.26-12.45.31:142][  0]LogStaticMesh: Built static mesh [0.01s] /Game/LDK/StarterContentMeshes/1M_Cube.1M_Cube
[2022.04.26-12.45.31:202][  0]LogAudio: Display: Audio Device (ID: 1) registered with world 'SewerDungeon'.
[2022.04.26-12.45.31:203][  0]LogAIModule: Creating AISystem for world SewerDungeon
[2022.04.26-12.45.31:207][  0]LogEditorServer: Finished looking for orphan Actors (0.000 secs)
[2022.04.26-12.45.31:212][  0]LogUObjectHash: Compacting FUObjectHashTables data took   0.72ms
[2022.04.26-12.45.31:212][  0]Cmd: MAP CHECKDEP NOCLEARLOG
[2022.04.26-12.45.31:212][  0]MapCheck: Map check complete: 0 Error(s), 0 Warning(s), took 0,147ms to complete.
[2022.04.26-12.45.31:212][  0]LogFileHelpers: Loading map 'SewerDungeon' took 0.213
[2022.04.26-12.45.31:213][  0]LogUnrealEdMisc: Total Editor Startup Time, took 5.298
[2022.04.26-12.45.31:367][  0]LogSlate: Updating window title bar state: overlay mode, drag disabled, window buttons hidden, title bar hidden
[2022.04.26-12.45.31:372][  0]LogSlate: Updating window title bar state: overlay mode, drag disabled, window buttons hidden, title bar hidden
[2022.04.26-12.45.31:376][  0]LogSlate: Updating window title bar state: overlay mode, drag disabled, window buttons hidden, title bar hidden
[2022.04.26-12.45.31:380][  0]LogSlate: Updating window title bar state: overlay mode, drag disabled, window buttons hidden, title bar hidden
[2022.04.26-12.45.31:411][  0]LogNativeClassHierarchy: Verbose: Native class hierarchy populated in 0.0068 seconds. Added 3822 classes and 928 folders.
[2022.04.26-12.45.31:420][  0]LogNativeClassHierarchy: Verbose: Native class hierarchy updated for 'WidgetCarousel' in 0.0002 seconds. Added 0 classes and 0 folders.
[2022.04.26-12.45.31:430][  0]LogPakFile: PakFile PrimaryIndexSize=187
[2022.04.26-12.45.31:430][  0]LogPakFile: PakFile PathHashIndexSize=101
[2022.04.26-12.45.31:430][  0]LogPakFile: PakFile FullDirectoryIndexSize=148
[2022.04.26-12.45.31:430][  0]LogShaderLibrary: Display: ShaderCodeLibraryPakFileMountedCallback: PakFile 'C:/Program Files/Epic Games/UE_4.27/FeaturePacks/FP_FirstPerson.upack' (chunk index -1, root 'root:/') mounted
[2022.04.26-12.45.31:430][  0]LogShaderLibrary: Display: ShaderCodeLibraryPakFileMountedCallback: pending pak file info (ChunkID:-1 Root:root:/ File:C:/Program Files/Epic Games/UE_4.27/FeaturePacks/FP_FirstPerson.upack)
[2022.04.26-12.45.31:431][  0]LogPakFile: OnPakFileMounted2Time == 0.000896
[2022.04.26-12.45.31:437][  0]LogPakFile: PakFile PrimaryIndexSize=189
[2022.04.26-12.45.31:437][  0]LogPakFile: PakFile PathHashIndexSize=101
[2022.04.26-12.45.31:437][  0]LogPakFile: PakFile FullDirectoryIndexSize=152
[2022.04.26-12.45.31:437][  0]LogShaderLibrary: Display: ShaderCodeLibraryPakFileMountedCallback: PakFile 'C:/Program Files/Epic Games/UE_4.27/FeaturePacks/FP_FirstPersonBP.upack' (chunk index -1, root 'root:/') mounted
[2022.04.26-12.45.31:437][  0]LogShaderLibrary: Display: ShaderCodeLibraryPakFileMountedCallback: pending pak file info (ChunkID:-1 Root:root:/ File:C:/Program Files/Epic Games/UE_4.27/FeaturePacks/FP_FirstPersonBP.upack)
[2022.04.26-12.45.31:437][  0]LogPakFile: OnPakFileMounted2Time == 0.000034
[2022.04.26-12.45.31:441][  0]LogPakFile: PakFile PrimaryIndexSize=191
[2022.04.26-12.45.31:441][  0]LogPakFile: PakFile PathHashIndexSize=101
[2022.04.26-12.45.31:441][  0]LogPakFile: PakFile FullDirectoryIndexSize=160
[2022.04.26-12.45.31:441][  0]LogShaderLibrary: Display: ShaderCodeLibraryPakFileMountedCallback: PakFile 'C:/Program Files/Epic Games/UE_4.27/FeaturePacks/MobileStarterContent.upack' (chunk index -1, root 'root:/') mounted
[2022.04.26-12.45.31:441][  0]LogShaderLibrary: Display: ShaderCodeLibraryPakFileMountedCallback: pending pak file info (ChunkID:-1 Root:root:/ File:C:/Program Files/Epic Games/UE_4.27/FeaturePacks/MobileStarterContent.upack)
[2022.04.26-12.45.31:441][  0]LogPakFile: OnPakFileMounted2Time == 0.000035
[2022.04.26-12.45.31:445][  0]LogPakFile: PakFile PrimaryIndexSize=185
[2022.04.26-12.45.31:445][  0]LogPakFile: PakFile PathHashIndexSize=101
[2022.04.26-12.45.31:445][  0]LogPakFile: PakFile FullDirectoryIndexSize=148
[2022.04.26-12.45.31:445][  0]LogShaderLibrary: Display: ShaderCodeLibraryPakFileMountedCallback: PakFile 'C:/Program Files/Epic Games/UE_4.27/FeaturePacks/StarterContent.upack' (chunk index -1, root 'root:/') mounted
[2022.04.26-12.45.31:445][  0]LogShaderLibrary: Display: ShaderCodeLibraryPakFileMountedCallback: pending pak file info (ChunkID:-1 Root:root:/ File:C:/Program Files/Epic Games/UE_4.27/FeaturePacks/StarterContent.upack)
[2022.04.26-12.45.31:445][  0]LogPakFile: OnPakFileMounted2Time == 0.000030
[2022.04.26-12.45.31:449][  0]LogPakFile: PakFile PrimaryIndexSize=190
[2022.04.26-12.45.31:449][  0]LogPakFile: PakFile PathHashIndexSize=101
[2022.04.26-12.45.31:449][  0]LogPakFile: PakFile FullDirectoryIndexSize=154
[2022.04.26-12.45.31:449][  0]LogShaderLibrary: Display: ShaderCodeLibraryPakFileMountedCallback: PakFile 'C:/Program Files/Epic Games/UE_4.27/FeaturePacks/TP_2DSideScroller.upack' (chunk index -1, root 'root:/') mounted
[2022.04.26-12.45.31:449][  0]LogShaderLibrary: Display: ShaderCodeLibraryPakFileMountedCallback: pending pak file info (ChunkID:-1 Root:root:/ File:C:/Program Files/Epic Games/UE_4.27/FeaturePacks/TP_2DSideScroller.upack)
[2022.04.26-12.45.31:449][  0]LogPakFile: OnPakFileMounted2Time == 0.000026
[2022.04.26-12.45.31:452][  0]LogPakFile: PakFile PrimaryIndexSize=192
[2022.04.26-12.45.31:452][  0]LogPakFile: PakFile PathHashIndexSize=101
[2022.04.26-12.45.31:452][  0]LogPakFile: PakFile FullDirectoryIndexSize=158
[2022.04.26-12.45.31:453][  0]LogShaderLibrary: Display: ShaderCodeLibraryPakFileMountedCallback: PakFile 'C:/Program Files/Epic Games/UE_4.27/FeaturePacks/TP_2DSideScrollerBP.upack' (chunk index -1, root 'root:/') mounted
[2022.04.26-12.45.31:453][  0]LogShaderLibrary: Display: ShaderCodeLibraryPakFileMountedCallback: pending pak file info (ChunkID:-1 Root:root:/ File:C:/Program Files/Epic Games/UE_4.27/FeaturePacks/TP_2DSideScrollerBP.upack)
[2022.04.26-12.45.31:453][  0]LogPakFile: OnPakFileMounted2Time == 0.000032
[2022.04.26-12.45.31:456][  0]LogPakFile: PakFile PrimaryIndexSize=182
[2022.04.26-12.45.31:456][  0]LogPakFile: PakFile PathHashIndexSize=101
[2022.04.26-12.45.31:456][  0]LogPakFile: PakFile FullDirectoryIndexSize=138
[2022.04.26-12.45.31:456][  0]LogShaderLibrary: Display: ShaderCodeLibraryPakFileMountedCallback: PakFile 'C:/Program Files/Epic Games/UE_4.27/FeaturePacks/TP_Flying.upack' (chunk index -1, root 'root:/') mounted
[2022.04.26-12.45.31:456][  0]LogShaderLibrary: Display: ShaderCodeLibraryPakFileMountedCallback: pending pak file info (ChunkID:-1 Root:root:/ File:C:/Program Files/Epic Games/UE_4.27/FeaturePacks/TP_Flying.upack)
[2022.04.26-12.45.31:456][  0]LogPakFile: OnPakFileMounted2Time == 0.000027
[2022.04.26-12.45.31:460][  0]LogPakFile: PakFile PrimaryIndexSize=184
[2022.04.26-12.45.31:460][  0]LogPakFile: PakFile PathHashIndexSize=101
[2022.04.26-12.45.31:460][  0]LogPakFile: PakFile FullDirectoryIndexSize=142
[2022.04.26-12.45.31:460][  0]LogShaderLibrary: Display: ShaderCodeLibraryPakFileMountedCallback: PakFile 'C:/Program Files/Epic Games/UE_4.27/FeaturePacks/TP_FlyingBP.upack' (chunk index -1, root 'root:/') mounted
[2022.04.26-12.45.31:460][  0]LogShaderLibrary: Display: ShaderCodeLibraryPakFileMountedCallback: pending pak file info (ChunkID:-1 Root:root:/ File:C:/Program Files/Epic Games/UE_4.27/FeaturePacks/TP_FlyingBP.upack)
[2022.04.26-12.45.31:460][  0]LogPakFile: OnPakFileMounted2Time == 0.000028
[2022.04.26-12.45.31:464][  0]LogPakFile: PakFile PrimaryIndexSize=188
[2022.04.26-12.45.31:464][  0]LogPakFile: PakFile PathHashIndexSize=101
[2022.04.26-12.45.31:464][  0]LogPakFile: PakFile FullDirectoryIndexSize=150
[2022.04.26-12.45.31:464][  0]LogShaderLibrary: Display: ShaderCodeLibraryPakFileMountedCallback: PakFile 'C:/Program Files/Epic Games/UE_4.27/FeaturePacks/TP_HandheldARBP.upack' (chunk index -1, root 'root:/') mounted
[2022.04.26-12.45.31:464][  0]LogShaderLibrary: Display: ShaderCodeLibraryPakFileMountedCallback: pending pak file info (ChunkID:-1 Root:root:/ File:C:/Program Files/Epic Games/UE_4.27/FeaturePacks/TP_HandheldARBP.upack)
[2022.04.26-12.45.31:464][  0]LogPakFile: OnPakFileMounted2Time == 0.000028
[2022.04.26-12.45.31:470][  0]LogPakFile: PakFile PrimaryIndexSize=182
[2022.04.26-12.45.31:470][  0]LogPakFile: PakFile PathHashIndexSize=101
[2022.04.26-12.45.31:470][  0]LogPakFile: PakFile FullDirectoryIndexSize=138
[2022.04.26-12.45.31:470][  0]LogShaderLibrary: Display: ShaderCodeLibraryPakFileMountedCallback: PakFile 'C:/Program Files/Epic Games/UE_4.27/FeaturePacks/TP_Puzzle.upack' (chunk index -1, root 'root:/') mounted
[2022.04.26-12.45.31:470][  0]LogShaderLibrary: Display: ShaderCodeLibraryPakFileMountedCallback: pending pak file info (ChunkID:-1 Root:root:/ File:C:/Program Files/Epic Games/UE_4.27/FeaturePacks/TP_Puzzle.upack)
[2022.04.26-12.45.31:470][  0]LogPakFile: OnPakFileMounted2Time == 0.000031
[2022.04.26-12.45.31:473][  0]LogPakFile: PakFile PrimaryIndexSize=184
[2022.04.26-12.45.31:473][  0]LogPakFile: PakFile PathHashIndexSize=101
[2022.04.26-12.45.31:473][  0]LogPakFile: PakFile FullDirectoryIndexSize=142
[2022.04.26-12.45.31:473][  0]LogShaderLibrary: Display: ShaderCodeLibraryPakFileMountedCallback: PakFile 'C:/Program Files/Epic Games/UE_4.27/FeaturePacks/TP_PuzzleBP.upack' (chunk index -1, root 'root:/') mounted
[2022.04.26-12.45.31:473][  0]LogShaderLibrary: Display: ShaderCodeLibraryPakFileMountedCallback: pending pak file info (ChunkID:-1 Root:root:/ File:C:/Program Files/Epic Games/UE_4.27/FeaturePacks/TP_PuzzleBP.upack)
[2022.04.26-12.45.31:473][  0]LogPakFile: OnPakFileMounted2Time == 0.000027
[2022.04.26-12.45.31:477][  0]LogPakFile: PakFile PrimaryIndexSize=183
[2022.04.26-12.45.31:477][  0]LogPakFile: PakFile PathHashIndexSize=101
[2022.04.26-12.45.31:477][  0]LogPakFile: PakFile FullDirectoryIndexSize=140
[2022.04.26-12.45.31:477][  0]LogShaderLibrary: Display: ShaderCodeLibraryPakFileMountedCallback: PakFile 'C:/Program Files/Epic Games/UE_4.27/FeaturePacks/TP_Rolling.upack' (chunk index -1, root 'root:/') mounted
[2022.04.26-12.45.31:477][  0]LogShaderLibrary: Display: ShaderCodeLibraryPakFileMountedCallback: pending pak file info (ChunkID:-1 Root:root:/ File:C:/Program Files/Epic Games/UE_4.27/FeaturePacks/TP_Rolling.upack)
[2022.04.26-12.45.31:477][  0]LogPakFile: OnPakFileMounted2Time == 0.000030
[2022.04.26-12.45.31:481][  0]LogPakFile: PakFile PrimaryIndexSize=185
[2022.04.26-12.45.31:481][  0]LogPakFile: PakFile PathHashIndexSize=101
[2022.04.26-12.45.31:481][  0]LogPakFile: PakFile FullDirectoryIndexSize=144
[2022.04.26-12.45.31:481][  0]LogShaderLibrary: Display: ShaderCodeLibraryPakFileMountedCallback: PakFile 'C:/Program Files/Epic Games/UE_4.27/FeaturePacks/TP_RollingBP.upack' (chunk index -1, root 'root:/') mounted
[2022.04.26-12.45.31:481][  0]LogShaderLibrary: Display: ShaderCodeLibraryPakFileMountedCallback: pending pak file info (ChunkID:-1 Root:root:/ File:C:/Program Files/Epic Games/UE_4.27/FeaturePacks/TP_RollingBP.upack)
[2022.04.26-12.45.31:482][  0]LogPakFile: OnPakFileMounted2Time == 0.000028
[2022.04.26-12.45.31:485][  0]LogPakFile: PakFile PrimaryIndexSize=188
[2022.04.26-12.45.31:485][  0]LogPakFile: PakFile PathHashIndexSize=101
[2022.04.26-12.45.31:485][  0]LogPakFile: PakFile FullDirectoryIndexSize=150
[2022.04.26-12.45.31:485][  0]LogShaderLibrary: Display: ShaderCodeLibraryPakFileMountedCallback: PakFile 'C:/Program Files/Epic Games/UE_4.27/FeaturePacks/TP_SideScroller.upack' (chunk index -1, root 'root:/') mounted
[2022.04.26-12.45.31:485][  0]LogShaderLibrary: Display: ShaderCodeLibraryPakFileMountedCallback: pending pak file info (ChunkID:-1 Root:root:/ File:C:/Program Files/Epic Games/UE_4.27/FeaturePacks/TP_SideScroller.upack)
[2022.04.26-12.45.31:485][  0]LogPakFile: OnPakFileMounted2Time == 0.000028
[2022.04.26-12.45.31:489][  0]LogPakFile: PakFile PrimaryIndexSize=190
[2022.04.26-12.45.31:489][  0]LogPakFile: PakFile PathHashIndexSize=101
[2022.04.26-12.45.31:489][  0]LogPakFile: PakFile FullDirectoryIndexSize=154
[2022.04.26-12.45.31:489][  0]LogShaderLibrary: Display: ShaderCodeLibraryPakFileMountedCallback: PakFile 'C:/Program Files/Epic Games/UE_4.27/FeaturePacks/TP_SideScrollerBP.upack' (chunk index -1, root 'root:/') mounted
[2022.04.26-12.45.31:489][  0]LogShaderLibrary: Display: ShaderCodeLibraryPakFileMountedCallback: pending pak file info (ChunkID:-1 Root:root:/ File:C:/Program Files/Epic Games/UE_4.27/FeaturePacks/TP_SideScrollerBP.upack)
[2022.04.26-12.45.31:489][  0]LogPakFile: OnPakFileMounted2Time == 0.000029
[2022.04.26-12.45.31:493][  0]LogPakFile: PakFile PrimaryIndexSize=187
[2022.04.26-12.45.31:493][  0]LogPakFile: PakFile PathHashIndexSize=101
[2022.04.26-12.45.31:493][  0]LogPakFile: PakFile FullDirectoryIndexSize=148
[2022.04.26-12.45.31:493][  0]LogShaderLibrary: Display: ShaderCodeLibraryPakFileMountedCallback: PakFile 'C:/Program Files/Epic Games/UE_4.27/FeaturePacks/TP_ThirdPerson.upack' (chunk index -1, root 'root:/') mounted
[2022.04.26-12.45.31:493][  0]LogShaderLibrary: Display: ShaderCodeLibraryPakFileMountedCallback: pending pak file info (ChunkID:-1 Root:root:/ File:C:/Program Files/Epic Games/UE_4.27/FeaturePacks/TP_ThirdPerson.upack)
[2022.04.26-12.45.31:493][  0]LogPakFile: OnPakFileMounted2Time == 0.000029
[2022.04.26-12.45.31:497][  0]LogPakFile: PakFile PrimaryIndexSize=189
[2022.04.26-12.45.31:498][  0]LogPakFile: PakFile PathHashIndexSize=101
[2022.04.26-12.45.31:498][  0]LogPakFile: PakFile FullDirectoryIndexSize=152
[2022.04.26-12.45.31:498][  0]LogShaderLibrary: Display: ShaderCodeLibraryPakFileMountedCallback: PakFile 'C:/Program Files/Epic Games/UE_4.27/FeaturePacks/TP_ThirdPersonBP.upack' (chunk index -1, root 'root:/') mounted
[2022.04.26-12.45.31:498][  0]LogShaderLibrary: Display: ShaderCodeLibraryPakFileMountedCallback: pending pak file info (ChunkID:-1 Root:root:/ File:C:/Program Files/Epic Games/UE_4.27/FeaturePacks/TP_ThirdPersonBP.upack)
[2022.04.26-12.45.31:498][  0]LogPakFile: OnPakFileMounted2Time == 0.000031
[2022.04.26-12.45.31:502][  0]LogPakFile: PakFile PrimaryIndexSize=183
[2022.04.26-12.45.31:502][  0]LogPakFile: PakFile PathHashIndexSize=101
[2022.04.26-12.45.31:502][  0]LogPakFile: PakFile FullDirectoryIndexSize=140
[2022.04.26-12.45.31:502][  0]LogShaderLibrary: Display: ShaderCodeLibraryPakFileMountedCallback: PakFile 'C:/Program Files/Epic Games/UE_4.27/FeaturePacks/TP_TopDown.upack' (chunk index -1, root 'root:/') mounted
[2022.04.26-12.45.31:502][  0]LogShaderLibrary: Display: ShaderCodeLibraryPakFileMountedCallback: pending pak file info (ChunkID:-1 Root:root:/ File:C:/Program Files/Epic Games/UE_4.27/FeaturePacks/TP_TopDown.upack)
[2022.04.26-12.45.31:502][  0]LogPakFile: OnPakFileMounted2Time == 0.000034
[2022.04.26-12.45.31:506][  0]LogPakFile: PakFile PrimaryIndexSize=185
[2022.04.26-12.45.31:506][  0]LogPakFile: PakFile PathHashIndexSize=101
[2022.04.26-12.45.31:506][  0]LogPakFile: PakFile FullDirectoryIndexSize=144
[2022.04.26-12.45.31:506][  0]LogShaderLibrary: Display: ShaderCodeLibraryPakFileMountedCallback: PakFile 'C:/Program Files/Epic Games/UE_4.27/FeaturePacks/TP_TopDownBP.upack' (chunk index -1, root 'root:/') mounted
[2022.04.26-12.45.31:506][  0]LogShaderLibrary: Display: ShaderCodeLibraryPakFileMountedCallback: pending pak file info (ChunkID:-1 Root:root:/ File:C:/Program Files/Epic Games/UE_4.27/FeaturePacks/TP_TopDownBP.upack)
[2022.04.26-12.45.31:506][  0]LogPakFile: OnPakFileMounted2Time == 0.000030
[2022.04.26-12.45.31:512][  0]LogPakFile: PakFile PrimaryIndexSize=185
[2022.04.26-12.45.31:512][  0]LogPakFile: PakFile PathHashIndexSize=101
[2022.04.26-12.45.31:512][  0]LogPakFile: PakFile FullDirectoryIndexSize=144
[2022.04.26-12.45.31:512][  0]LogShaderLibrary: Display: ShaderCodeLibraryPakFileMountedCallback: PakFile 'C:/Program Files/Epic Games/UE_4.27/FeaturePacks/TP_TwinStick.upack' (chunk index -1, root 'root:/') mounted
[2022.04.26-12.45.31:512][  0]LogShaderLibrary: Display: ShaderCodeLibraryPakFileMountedCallback: pending pak file info (ChunkID:-1 Root:root:/ File:C:/Program Files/Epic Games/UE_4.27/FeaturePacks/TP_TwinStick.upack)
[2022.04.26-12.45.31:512][  0]LogPakFile: OnPakFileMounted2Time == 0.000030
[2022.04.26-12.45.31:516][  0]LogPakFile: PakFile PrimaryIndexSize=187
[2022.04.26-12.45.31:516][  0]LogPakFile: PakFile PathHashIndexSize=101
[2022.04.26-12.45.31:516][  0]LogPakFile: PakFile FullDirectoryIndexSize=148
[2022.04.26-12.45.31:516][  0]LogShaderLibrary: Display: ShaderCodeLibraryPakFileMountedCallback: PakFile 'C:/Program Files/Epic Games/UE_4.27/FeaturePacks/TP_TwinStickBP.upack' (chunk index -1, root 'root:/') mounted
[2022.04.26-12.45.31:516][  0]LogShaderLibrary: Display: ShaderCodeLibraryPakFileMountedCallback: pending pak file info (ChunkID:-1 Root:root:/ File:C:/Program Files/Epic Games/UE_4.27/FeaturePacks/TP_TwinStickBP.upack)
[2022.04.26-12.45.31:516][  0]LogPakFile: OnPakFileMounted2Time == 0.000025
[2022.04.26-12.45.31:520][  0]LogPakFile: PakFile PrimaryIndexSize=183
[2022.04.26-12.45.31:520][  0]LogPakFile: PakFile PathHashIndexSize=101
[2022.04.26-12.45.31:520][  0]LogPakFile: PakFile FullDirectoryIndexSize=140
[2022.04.26-12.45.31:520][  0]LogShaderLibrary: Display: ShaderCodeLibraryPakFileMountedCallback: PakFile 'C:/Program Files/Epic Games/UE_4.27/FeaturePacks/TP_Vehicle.upack' (chunk index -1, root 'root:/') mounted
[2022.04.26-12.45.31:520][  0]LogShaderLibrary: Display: ShaderCodeLibraryPakFileMountedCallback: pending pak file info (ChunkID:-1 Root:root:/ File:C:/Program Files/Epic Games/UE_4.27/FeaturePacks/TP_Vehicle.upack)
[2022.04.26-12.45.31:520][  0]LogPakFile: OnPakFileMounted2Time == 0.000028
[2022.04.26-12.45.31:524][  0]LogPakFile: PakFile PrimaryIndexSize=186
[2022.04.26-12.45.31:524][  0]LogPakFile: PakFile PathHashIndexSize=101
[2022.04.26-12.45.31:524][  0]LogPakFile: PakFile FullDirectoryIndexSize=146
[2022.04.26-12.45.31:524][  0]LogShaderLibrary: Display: ShaderCodeLibraryPakFileMountedCallback: PakFile 'C:/Program Files/Epic Games/UE_4.27/FeaturePacks/TP_VehicleAdv.upack' (chunk index -1, root 'root:/') mounted
[2022.04.26-12.45.31:524][  0]LogShaderLibrary: Display: ShaderCodeLibraryPakFileMountedCallback: pending pak file info (ChunkID:-1 Root:root:/ File:C:/Program Files/Epic Games/UE_4.27/FeaturePacks/TP_VehicleAdv.upack)
[2022.04.26-12.45.31:524][  0]LogPakFile: OnPakFileMounted2Time == 0.000028
[2022.04.26-12.45.31:528][  0]LogPakFile: PakFile PrimaryIndexSize=188
[2022.04.26-12.45.31:528][  0]LogPakFile: PakFile PathHashIndexSize=101
[2022.04.26-12.45.31:528][  0]LogPakFile: PakFile FullDirectoryIndexSize=150
[2022.04.26-12.45.31:528][  0]LogShaderLibrary: Display: ShaderCodeLibraryPakFileMountedCallback: PakFile 'C:/Program Files/Epic Games/UE_4.27/FeaturePacks/TP_VehicleAdvBP.upack' (chunk index -1, root 'root:/') mounted
[2022.04.26-12.45.31:528][  0]LogShaderLibrary: Display: ShaderCodeLibraryPakFileMountedCallback: pending pak file info (ChunkID:-1 Root:root:/ File:C:/Program Files/Epic Games/UE_4.27/FeaturePacks/TP_VehicleAdvBP.upack)
[2022.04.26-12.45.31:528][  0]LogPakFile: OnPakFileMounted2Time == 0.000026
[2022.04.26-12.45.31:532][  0]LogPakFile: PakFile PrimaryIndexSize=185
[2022.04.26-12.45.31:532][  0]LogPakFile: PakFile PathHashIndexSize=101
[2022.04.26-12.45.31:532][  0]LogPakFile: PakFile FullDirectoryIndexSize=144
[2022.04.26-12.45.31:532][  0]LogShaderLibrary: Display: ShaderCodeLibraryPakFileMountedCallback: PakFile 'C:/Program Files/Epic Games/UE_4.27/FeaturePacks/TP_VehicleBP.upack' (chunk index -1, root 'root:/') mounted
[2022.04.26-12.45.31:532][  0]LogShaderLibrary: Display: ShaderCodeLibraryPakFileMountedCallback: pending pak file info (ChunkID:-1 Root:root:/ File:C:/Program Files/Epic Games/UE_4.27/FeaturePacks/TP_VehicleBP.upack)
[2022.04.26-12.45.31:532][  0]LogPakFile: OnPakFileMounted2Time == 0.000039
[2022.04.26-12.45.31:536][  0]LogPakFile: PakFile PrimaryIndexSize=192
[2022.04.26-12.45.31:536][  0]LogPakFile: PakFile PathHashIndexSize=101
[2022.04.26-12.45.31:536][  0]LogPakFile: PakFile FullDirectoryIndexSize=158
[2022.04.26-12.45.31:536][  0]LogShaderLibrary: Display: ShaderCodeLibraryPakFileMountedCallback: PakFile 'C:/Program Files/Epic Games/UE_4.27/FeaturePacks/TP_VirtualRealityBP.upack' (chunk index -1, root 'root:/') mounted
[2022.04.26-12.45.31:536][  0]LogShaderLibrary: Display: ShaderCodeLibraryPakFileMountedCallback: pending pak file info (ChunkID:-1 Root:root:/ File:C:/Program Files/Epic Games/UE_4.27/FeaturePacks/TP_VirtualRealityBP.upack)
[2022.04.26-12.45.31:536][  0]LogPakFile: OnPakFileMounted2Time == 0.000030
[2022.04.26-12.45.31:676][  0]LogNativeClassHierarchy: Verbose: Native class hierarchy updated for 'AddContentDialog' in 0.0002 seconds. Added 0 classes and 0 folders.
[2022.04.26-12.45.31:680][  0]LogNativeClassHierarchy: Verbose: Native class hierarchy updated for 'SceneOutliner' in 0.0002 seconds. Added 2 classes and 0 folders.
[2022.04.26-12.45.31:765][  0]LogSlate: The tab "GPULightmassSettings" attempted to spawn in layout 'LevelEditor_Layout_v1.2' but failed for some reason. It will not be displayed.
[2022.04.26-12.45.31:799][  0]LogSlate: Took 0.000177 seconds to synchronously load lazily loaded font '../../../Engine/Content/Slate/Fonts/Roboto-Regular.ttf' (155K)
[2022.04.26-12.45.31:804][  0]LogSlate: Took 0.003377 seconds to synchronously load lazily loaded font '../../../Engine/Content/Editor/Slate/Fonts/FontAwesome.ttf' (139K)
[2022.04.26-12.45.31:805][  0]LogSlate: Took 0.000096 seconds to synchronously load lazily loaded font '../../../Engine/Content/Slate/Fonts/Roboto-Bold.ttf' (160K)
[2022.04.26-12.45.31:911][  0]LogRenderer: Reallocating scene render targets to support 1208x572 Format 10 NumSamples 1 (Frame:1).
[2022.04.26-12.45.32:232][  0]LogSlate: Took 0.004057 seconds to synchronously load lazily loaded font '../../../Engine/Content/Slate/Fonts/Roboto-Light.ttf' (167K)
[2022.04.26-12.45.32:303][  0]LogNativeClassHierarchy: Verbose: Native class hierarchy updated for 'HierarchicalLODOutliner' in 0.0002 seconds. Added 0 classes and 0 folders.
[2022.04.26-12.45.32:303][  0]LogLoad: (Engine Initialization) Total time: 6.39 seconds
[2022.04.26-12.45.32:303][  0]LogLoad: (Engine Initialization) Total Blueprint compile time: 0.00 seconds
[2022.04.26-12.45.32:336][  0]LogAssetRegistry: Asset discovery search completed in 4.2056 seconds
[2022.04.26-12.45.32:340][  0]LogCollectionManager: Fixed up redirectors for 0 collections in 0.000002 seconds (updated 0 objects)
[2022.04.26-12.45.32:343][  0]LogContentStreaming: Texture pool size now 1000 MB
[2022.04.26-12.46.13:148][457]LogContentBrowser: Deferred new asset file creation: SewerDungeon1
[2022.04.26-12.46.13:154][457]LogContentBrowser: Creating deferred item: SewerDungeon1
[2022.04.26-12.46.24:273][772]LogContentBrowser: Attempting asset rename: SewerDungeon1 -> Hampus_sewage
[2022.04.26-12.46.24:291][772]LogUObjectHash: Compacting FUObjectHashTables data took   0.58ms
[2022.04.26-12.46.24:302][772]LogContentBrowser: End creating deferred item SewerDungeon1
[2022.04.26-12.46.29:070][271]LogUObjectHash: Compacting FUObjectHashTables data took   0.44ms
[2022.04.26-12.46.35:404][271]LogSlate: Window 'Save Content' being destroyed
[2022.04.26-12.46.35:415][271]LogSlate: Took 0.000136 seconds to synchronously load lazily loaded font '../../../Engine/Content/Slate/Fonts/Roboto-Light.ttf' (167K)
[2022.04.26-12.46.35:440][271]LogUObjectHash: Compacting FUObjectHashTables data took   0.35ms
[2022.04.26-12.46.35:455][271]LogSavePackage: Moving '../../../../../../Users/hampus.norman/Documents/GitHub/MobShooterGame/Saved/Hampus_sewage23A0D8F14FE5B064A41847A9B148D0E4.tmp' to '../../../../../../Users/hampus.norman/Documents/GitHub/MobShooterGame/Content/Levels/Hampus_sewage.umap'
[2022.04.26-12.46.35:457][271]LogFileHelpers: Saving map 'Hampus_sewage' took 0.023
[2022.04.26-12.46.35:478][271]LogAssetEditorSubsystem: Opening Asset editor for World /Game/Levels/Hampus_sewage.Hampus_sewage
[2022.04.26-12.46.35:478][271]Cmd: MAP LOAD FILE="../../../../../../Users/hampus.norman/Documents/GitHub/MobShooterGame/Content/Levels/Hampus_sewage.umap" TEMPLATE=0 SHOWPROGRESS=1 FEATURELEVEL=3
[2022.04.26-12.46.35:478][271]LightingResults: New page: Lighting Build
[2022.04.26-12.46.35:478][271]LoadErrors: New page: Loading map: Hampus_sewage.umap
[2022.04.26-12.46.35:517][271]LogWorld: UWorld::CleanupWorld for SewerDungeon, bSessionEnded=true, bCleanupResources=true
[2022.04.26-12.46.35:518][271]LogSlate: InvalidateAllWidgets triggered.  All widgets were invalidated
[2022.04.26-12.46.35:518][271]MapCheck: New page: Map Check
[2022.04.26-12.46.35:518][271]LightingResults: New page: Lighting Build
[2022.04.26-12.46.35:521][271]LogAudio: Display: Audio Device unregistered from world 'None'.
[2022.04.26-12.46.35:523][271]LogUObjectHash: Compacting FUObjectHashTables data took   0.57ms
[2022.04.26-12.46.35:523][271]LogAudio: Display: Audio Device (ID: 1) registered with world 'Hampus_sewage'.
[2022.04.26-12.46.35:541][271]LogEditorServer: Finished looking for orphan Actors (0.000 secs)
[2022.04.26-12.46.35:541][271]LogAIModule: Creating AISystem for world Hampus_sewage
[2022.04.26-12.46.35:546][271]LogUObjectHash: Compacting FUObjectHashTables data took   0.41ms
[2022.04.26-12.46.35:548][271]Cmd: MAP CHECKDEP NOCLEARLOG
[2022.04.26-12.46.35:548][271]MapCheck: Map check complete: 0 Error(s), 0 Warning(s), took 0,099ms to complete.
[2022.04.26-12.46.35:548][271]LogFileHelpers: Loading map 'Hampus_sewage' took 0.071
[2022.04.26-12.46.35:563][271]AssetCheck: New page: Asset Save: Hampus_sewage
[2022.04.26-12.46.35:563][271]LogContentValidation: Display: Validating World /Game/Levels/Hampus_sewage.Hampus_sewage
